CMSIS_AGDI.DLL - CMSIS-DAP Driver Log

14:38:39:917 (12/03/2020) - START SEQUENCE "InitTarget", "default" - ID 0
14:38:39:917 (12/03/2020) - START SEQUENCE "InitInternals", "default" - ID 1
14:38:39:917 (12/03/2020) - START SEQUENCE "InitDriver", "default" - ID 2
14:38:39:917 (12/03/2020) - END SEQUENCE "InitDriver", "success" - ID 3
14:38:39:917 (12/03/2020) - START SEQUENCE "InitDebugger", "default" - ID 4
14:38:39:986 (12/03/2020) - END SEQUENCE "InitDebugger", "success" - ID 5
14:38:39:986 (12/03/2020) - END SEQUENCE "InitInternals", "success" - ID 6
14:38:39:986 (12/03/2020) - START SEQUENCE "DebugPortSetup", "default" - ID 7
14:38:39:999 (12/03/2020) - END SEQUENCE "DebugPortSetup", "success" - ID 8
14:38:39:999 (12/03/2020) - START SEQUENCE "DebugGetDeviceList", "default" - ID 9
14:38:40:004 (12/03/2020) - END SEQUENCE "DebugGetDeviceList", "success" - ID 10
14:38:40:004 (12/03/2020) - START SEQUENCE "PDSCDebug_DebugGetDeviceNames", "default" - ID 11
14:38:40:004 (12/03/2020) - END SEQUENCE "PDSCDebug_DebugGetDeviceNames", "success" - ID 12
  14:38:40:004 (12/03/2020) - START SEQUENCE "DebugPortStart", "default" - ID 13
  14:38:40:017 (12/03/2020) - END SEQUENCE "DebugPortStart", "success" - ID 14
  14:38:40:024 (12/03/2020) - READ  AP  Access, AP 0x00000000, Addr 0x000000FC, Val 0x24770011, "SWD Read AP - Success" - ID 0
14:38:40:037 (12/03/2020) - START SEQUENCE "DebugReadDAPFeatures", "default" - ID 15
14:38:40:037 (12/03/2020) - START SEQUENCE "_EvalDPID", "default" - ID 16
14:38:40:037 (12/03/2020) - END SEQUENCE "_EvalDPID", "success" - ID 17
14:38:40:039 (12/03/2020) - WRITE DP  Access, Addr 0x00000008, Val 0x00000000, "DAP Write DP - Success" - ID 1
14:38:40:041 (12/03/2020) - WRITE AP  Access, AP 0x00000000, Addr 0x00000000, Val 0x23000052, "DAP Write AP - Success" - ID 2
14:38:40:041 (12/03/2020) - END SEQUENCE "DebugReadDAPFeatures", "success" - ID 18
14:38:40:041 (12/03/2020) - START SEQUENCE "DebugReadTargetFeatures", "default" - ID 19
14:38:40:041 (12/03/2020) - START SEQUENCE "DebugReadRomTable", "default" - ID 20
14:38:40:045 (12/03/2020) - READ  AP  Access, AP 0x00000000, Addr 0x000000F8, Val 0xE00FF003, "DAP Read AP - Success" - ID 3
14:38:40:056 (12/03/2020) - READ  MEM BLOCK Access, AP 0x00000000, Start Addr 0xE00FFFF0, End Addr 0xE00FFFFF, "DAP Read Memory Block - Success" - ID 4
  Item #0, AP 0, Addr 0xE00FFFF0, Value 0x0000000D
  Item #1, AP 0, Addr 0xE00FFFF4, Value 0x00000010
  Item #2, AP 0, Addr 0xE00FFFF8, Value 0x00000005
  Item #3, AP 0, Addr 0xE00FFFFC, Value 0x000000B1
14:38:40:065 (12/03/2020) - READ  MEM BLOCK Access, AP 0x00000000, Start Addr 0xE00FFFD0, End Addr 0xE00FFFEF, "DAP Read Memory Block - Success" - ID 5
  Item #0, AP 0, Addr 0xE00FFFD0, Value 0x00000000
  Item #1, AP 0, Addr 0xE00FFFD4, Value 0x00000000
  Item #2, AP 0, Addr 0xE00FFFD8, Value 0x00000000
  Item #3, AP 0, Addr 0xE00FFFDC, Value 0x00000000
  Item #4, AP 0, Addr 0xE00FFFE0, Value 0x00000000
  Item #5, AP 0, Addr 0xE00FFFE4, Value 0x00000000
  Item #6, AP 0, Addr 0xE00FFFE8, Value 0x00000000
  Item #7, AP 0, Addr 0xE00FFFEC, Value 0x00000000
14:38:40:065 (12/03/2020) - ROM TABLE: Detected Unknown ROM Table at address 0xE00FF000 (PID 0x0000000000000000, CID 0xB105100D)
14:38:40:068 (12/03/2020) - READ  MEM Access, AP 0x00000000, Addr 0xE00FF000, Val 0xFFF0F003, "DAP Read Memory (32 bit) - Success" - ID 6
14:38:40:075 (12/03/2020) - READ  MEM BLOCK Access, AP 0x00000000, Start Addr 0xE000EFF0, End Addr 0xE000EFFF, "DAP Read Memory Block - Success" - ID 7
  Item #0, AP 0, Addr 0xE000EFF0, Value 0x0000000D
  Item #1, AP 0, Addr 0xE000EFF4, Value 0x000000E0
  Item #2, AP 0, Addr 0xE000EFF8, Value 0x00000005
  Item #3, AP 0, Addr 0xE000EFFC, Value 0x000000B1
14:38:40:083 (12/03/2020) - READ  MEM BLOCK Access, AP 0x00000000, Start Addr 0xE000EFD0, End Addr 0xE000EFEF, "DAP Read Memory Block - Success" - ID 8
  Item #0, AP 0, Addr 0xE000EFD0, Value 0x00000004
  Item #1, AP 0, Addr 0xE000EFD4, Value 0x00000000
  Item #2, AP 0, Addr 0xE000EFD8, Value 0x00000000
  Item #3, AP 0, Addr 0xE000EFDC, Value 0x00000000
  Item #4, AP 0, Addr 0xE000EFE0, Value 0x00000000
  Item #5, AP 0, Addr 0xE000EFE4, Value 0x000000B0
  Item #6, AP 0, Addr 0xE000EFE8, Value 0x0000002B
  Item #7, AP 0, Addr 0xE000EFEC, Value 0x00000000
14:38:40:086 (12/03/2020) - WRITE MEM Access, AP 0x00000000, Addr 0xE000EDFC, Val 0x01000000, "DAP Write Memory (32 bit) - Success" - ID 9
14:38:40:086 (12/03/2020) - ROM TABLE: Detected SCS (ARMv7-M) at address 0xE000E000 (PID 0x00000004002BB000, CID 0xB105E00D)
14:38:40:088 (12/03/2020) - READ  MEM Access, AP 0x00000000, Addr 0xE00FF004, Val 0xFFF02003, "DAP Read Memory (32 bit) - Success" - ID 10
14:38:40:094 (12/03/2020) - READ  MEM BLOCK Access, AP 0x00000000, Start Addr 0xE0001FF0, End Addr 0xE0001FFF, "DAP Read Memory Block - Success" - ID 11
  Item #0, AP 0, Addr 0xE0001FF0, Value 0x0000000D
  Item #1, AP 0, Addr 0xE0001FF4, Value 0x000000E0
  Item #2, AP 0, Addr 0xE0001FF8, Value 0x00000005
  Item #3, AP 0, Addr 0xE0001FFC, Value 0x000000B1
14:38:40:103 (12/03/2020) - READ  MEM BLOCK Access, AP 0x00000000, Start Addr 0xE0001FD0, End Addr 0xE0001FEF, "DAP Read Memory Block - Success" - ID 12
  Item #0, AP 0, Addr 0xE0001FD0, Value 0x00000004
  Item #1, AP 0, Addr 0xE0001FD4, Value 0x00000000
  Item #2, AP 0, Addr 0xE0001FD8, Value 0x00000000
  Item #3, AP 0, Addr 0xE0001FDC, Value 0x00000000
  Item #4, AP 0, Addr 0xE0001FE0, Value 0x00000002
  Item #5, AP 0, Addr 0xE0001FE4, Value 0x000000B0
  Item #6, AP 0, Addr 0xE0001FE8, Value 0x0000002B
  Item #7, AP 0, Addr 0xE0001FEC, Value 0x00000000
14:38:40:103 (12/03/2020) - ROM TABLE: Detected DWT (ARMv7-M) at address 0xE0001000 (PID 0x00000004002BB002, CID 0xB105E00D)
14:38:40:105 (12/03/2020) - READ  MEM Access, AP 0x00000000, Addr 0xE00FF008, Val 0xFFF03003, "DAP Read Memory (32 bit) - Success" - ID 13
14:38:40:111 (12/03/2020) - READ  MEM BLOCK Access, AP 0x00000000, Start Addr 0xE0002FF0, End Addr 0xE0002FFF, "DAP Read Memory Block - Success" - ID 14
  Item #0, AP 0, Addr 0xE0002FF0, Value 0x0000000D
  Item #1, AP 0, Addr 0xE0002FF4, Value 0x000000E0
  Item #2, AP 0, Addr 0xE0002FF8, Value 0x00000005
  Item #3, AP 0, Addr 0xE0002FFC, Value 0x000000B1
14:38:40:120 (12/03/2020) - READ  MEM BLOCK Access, AP 0x00000000, Start Addr 0xE0002FD0, End Addr 0xE0002FEF, "DAP Read Memory Block - Success" - ID 15
  Item #0, AP 0, Addr 0xE0002FD0, Value 0x00000004
  Item #1, AP 0, Addr 0xE0002FD4, Value 0x00000000
  Item #2, AP 0, Addr 0xE0002FD8, Value 0x00000000
  Item #3, AP 0, Addr 0xE0002FDC, Value 0x00000000
  Item #4, AP 0, Addr 0xE0002FE0, Value 0x00000003
  Item #5, AP 0, Addr 0xE0002FE4, Value 0x000000B0
  Item #6, AP 0, Addr 0xE0002FE8, Value 0x0000002B
  Item #7, AP 0, Addr 0xE0002FEC, Value 0x00000000
14:38:40:120 (12/03/2020) - ROM TABLE: Detected FPB (ARMv7-M) at address 0xE0002000 (PID 0x00000004002BB003, CID 0xB105E00D)
14:38:40:122 (12/03/2020) - READ  MEM Access, AP 0x00000000, Addr 0xE00FF00C, Val 0xFFF01003, "DAP Read Memory (32 bit) - Success" - ID 16
14:38:40:128 (12/03/2020) - READ  MEM BLOCK Access, AP 0x00000000, Start Addr 0xE0000FF0, End Addr 0xE0000FFF, "DAP Read Memory Block - Success" - ID 17
  Item #0, AP 0, Addr 0xE0000FF0, Value 0x0000000D
  Item #1, AP 0, Addr 0xE0000FF4, Value 0x000000E0
  Item #2, AP 0, Addr 0xE0000FF8, Value 0x00000005
  Item #3, AP 0, Addr 0xE0000FFC, Value 0x000000B1
14:38:40:137 (12/03/2020) - READ  MEM BLOCK Access, AP 0x00000000, Start Addr 0xE0000FD0, End Addr 0xE0000FEF, "DAP Read Memory Block - Success" - ID 18
  Item #0, AP 0, Addr 0xE0000FD0, Value 0x00000004
  Item #1, AP 0, Addr 0xE0000FD4, Value 0x00000000
  Item #2, AP 0, Addr 0xE0000FD8, Value 0x00000000
  Item #3, AP 0, Addr 0xE0000FDC, Value 0x00000000
  Item #4, AP 0, Addr 0xE0000FE0, Value 0x00000001
  Item #5, AP 0, Addr 0xE0000FE4, Value 0x000000B0
  Item #6, AP 0, Addr 0xE0000FE8, Value 0x0000002B
  Item #7, AP 0, Addr 0xE0000FEC, Value 0x00000000
14:38:40:137 (12/03/2020) - ROM TABLE: Detected ITM (ARMv7-M) at address 0xE0000000 (PID 0x00000004002BB001, CID 0xB105E00D)
14:38:40:139 (12/03/2020) - READ  MEM Access, AP 0x00000000, Addr 0xE00FF010, Val 0xFFF41003, "DAP Read Memory (32 bit) - Success" - ID 19
14:38:40:146 (12/03/2020) - READ  MEM BLOCK Access, AP 0x00000000, Start Addr 0xE0040FF0, End Addr 0xE0040FFF, "DAP Read Memory Block - Success" - ID 20
  Item #0, AP 0, Addr 0xE0040FF0, Value 0x0000000D
  Item #1, AP 0, Addr 0xE0040FF4, Value 0x00000090
  Item #2, AP 0, Addr 0xE0040FF8, Value 0x00000005
  Item #3, AP 0, Addr 0xE0040FFC, Value 0x000000B1
14:38:40:155 (12/03/2020) - READ  MEM BLOCK Access, AP 0x00000000, Start Addr 0xE0040FD0, End Addr 0xE0040FEF, "DAP Read Memory Block - Success" - ID 21
  Item #0, AP 0, Addr 0xE0040FD0, Value 0x00000004
  Item #1, AP 0, Addr 0xE0040FD4, Value 0x00000000
  Item #2, AP 0, Addr 0xE0040FD8, Value 0x00000000
  Item #3, AP 0, Addr 0xE0040FDC, Value 0x00000000
  Item #4, AP 0, Addr 0xE0040FE0, Value 0x00000023
  Item #5, AP 0, Addr 0xE0040FE4, Value 0x000000B9
  Item #6, AP 0, Addr 0xE0040FE8, Value 0x0000002B
  Item #7, AP 0, Addr 0xE0040FEC, Value 0x00000000
14:38:40:155 (12/03/2020) - ROM TABLE: Detected TPIU (Cortex-M3) at address 0xE0040000 (PID 0x00000004002BB923, CID 0xB105900D)
14:38:40:157 (12/03/2020) - READ  MEM Access, AP 0x00000000, Addr 0xE00FF014, Val 0xFFF42003, "DAP Read Memory (32 bit) - Success" - ID 22
14:38:40:164 (12/03/2020) - READ  MEM BLOCK Access, AP 0x00000000, Start Addr 0xE0041FF0, End Addr 0xE0041FFF, "DAP Read Memory Block - Success" - ID 23
  Item #0, AP 0, Addr 0xE0041FF0, Value 0x0000000D
  Item #1, AP 0, Addr 0xE0041FF4, Value 0x00000090
  Item #2, AP 0, Addr 0xE0041FF8, Value 0x00000005
  Item #3, AP 0, Addr 0xE0041FFC, Value 0x000000B1
14:38:40:172 (12/03/2020) - READ  MEM BLOCK Access, AP 0x00000000, Start Addr 0xE0041FD0, End Addr 0xE0041FEF, "DAP Read Memory Block - Success" - ID 24
  Item #0, AP 0, Addr 0xE0041FD0, Value 0x00000004
  Item #1, AP 0, Addr 0xE0041FD4, Value 0x00000000
  Item #2, AP 0, Addr 0xE0041FD8, Value 0x00000000
  Item #3, AP 0, Addr 0xE0041FDC, Value 0x00000000
  Item #4, AP 0, Addr 0xE0041FE0, Value 0x00000024
  Item #5, AP 0, Addr 0xE0041FE4, Value 0x000000B9
  Item #6, AP 0, Addr 0xE0041FE8, Value 0x0000002B
  Item #7, AP 0, Addr 0xE0041FEC, Value 0x00000000
14:38:40:172 (12/03/2020) - ROM TABLE: Detected ETM (Cortex-M3) at address 0xE0041000 (PID 0x00000004002BB924, CID 0xB105900D)
14:38:40:174 (12/03/2020) - READ  MEM Access, AP 0x00000000, Addr 0xE00FF018, Val 0x00000000, "DAP Read Memory (32 bit) - Success" - ID 25
14:38:40:174 (12/03/2020) - END SEQUENCE "DebugReadRomTable", "success" - ID 21
14:38:40:174 (12/03/2020) - START SEQUENCE "_EvalCPUID", "default" - ID 22
14:38:40:176 (12/03/2020) - READ  MEM Access, AP 0x00000000, Addr 0xE000ED00, Val 0x412FC230, "DAP Read Memory (32 bit) - Success" - ID 26
14:38:40:176 (12/03/2020) - END SEQUENCE "_EvalCPUID", "success" - ID 23
14:38:40:178 (12/03/2020) - READ  DP  Access, Addr 0x00000004, Val 0xF0000F40, "DAP Read DP - Success" - ID 27
14:38:40:178 (12/03/2020) - END SEQUENCE "DebugReadTargetFeatures", "success" - ID 24
14:38:40:178 (12/03/2020) - START SEQUENCE "DebugCoreStart", "default" - ID 25
14:38:40:180 (12/03/2020) - READ  MEM Access, AP 0x00000000, Addr 0xE000EDF0, Val 0x03010000, "DAP Read Memory (32 bit) - Success" - ID 28
14:38:40:182 (12/03/2020) - WRITE MEM Access, AP 0x00000000, Addr 0xE000EDF0, Val 0xA05F0001, "DAP Write Memory (32 bit) - Success" - ID 29
14:38:40:182 (12/03/2020) - END SEQUENCE "DebugCoreStart", "success" - ID 26
14:38:40:184 (12/03/2020) - READ  MEM Access, AP 0x00000000, Addr 0xE000EDFC, Val 0x01000000, "DAP Read Memory (32 bit) - Success" - ID 30
14:38:40:187 (12/03/2020) - WRITE MEM Access, AP 0x00000000, Addr 0xE000EDFC, Val 0x01000001, "DAP Write Memory (32 bit) - Success" - ID 31
14:38:40:189 (12/03/2020) - WRITE MEM Access, AP 0x00000000, Addr 0xE000EDF0, Val 0xA05F0003, "DAP Write Memory (32 bit) - Success" - ID 32
14:38:40:189 (12/03/2020) - START SEQUENCE "_WaitForStop", "default" - ID 27
14:38:40:191 (12/03/2020) - READ  MEM Access, AP 0x00000000, Addr 0xE000EDF0, Val 0x01030003, "DAP Read Memory (32 bit) - Success" - ID 33
14:38:40:191 (12/03/2020) - END SEQUENCE "_WaitForStop", "success" - ID 28
14:38:40:193 (12/03/2020) - WRITE MEM Access, AP 0x00000000, Addr 0xE000EDF0, Val 0xA05F0003, "DAP Write Memory (32 bit) - Success" - ID 34
14:38:40:193 (12/03/2020) - START SEQUENCE "_InitDebugComponents", "default" - ID 29
14:38:40:195 (12/03/2020) - READ  MEM Access, AP 0x00000000, Addr 0xE000EDFC, Val 0x01000001, "DAP Read Memory (32 bit) - Success" - ID 35
14:38:40:197 (12/03/2020) - READ  MEM Access, AP 0x00000000, Addr 0xE0002000, Val 0x00000260, "DAP Read Memory (32 bit) - Success" - ID 36
14:38:40:199 (12/03/2020) - READ  MEM Access, AP 0x00000000, Addr 0xE0001000, Val 0x40000001, "DAP Read Memory (32 bit) - Success" - ID 37
14:38:40:201 (12/03/2020) - WRITE MEM Access, AP 0x00000000, Addr 0xE0001024, Val 0x0000001F, "DAP Write Memory (32 bit) - Success" - ID 38
14:38:40:204 (12/03/2020) - READ  MEM Access, AP 0x00000000, Addr 0xE0001024, Val 0x0000000F, "DAP Read Memory (32 bit) - Success" - ID 39
14:38:40:206 (12/03/2020) - WRITE MEM Access, AP 0x00000000, Addr 0xE0001024, Val 0x00000000, "DAP Write Memory (32 bit) - Success" - ID 40
14:38:40:208 (12/03/2020) - WRITE MEM Access, AP 0x00000000, Addr 0xE0001028, Val 0x00000100, "DAP Write Memory (32 bit) - Success" - ID 41
14:38:40:210 (12/03/2020) - READ  MEM Access, AP 0x00000000, Addr 0xE0001028, Val 0x00000000, "DAP Read Memory (32 bit) - Success" - ID 42
14:38:40:212 (12/03/2020) - WRITE MEM Access, AP 0x00000000, Addr 0xE0001028, Val 0x00000080, "DAP Write Memory (32 bit) - Success" - ID 43
14:38:40:214 (12/03/2020) - READ  MEM Access, AP 0x00000000, Addr 0xE0001028, Val 0x00000080, "DAP Read Memory (32 bit) - Success" - ID 44
14:38:40:216 (12/03/2020) - WRITE MEM Access, AP 0x00000000, Addr 0xE0001028, Val 0x00000000, "DAP Write Memory (32 bit) - Success" - ID 45
14:38:40:218 (12/03/2020) - WRITE MEM Access, AP 0x00000000, Addr 0xE0001038, Val 0x00000100, "DAP Write Memory (32 bit) - Success" - ID 46
14:38:40:220 (12/03/2020) - READ  MEM Access, AP 0x00000000, Addr 0xE0001038, Val 0x00000300, "DAP Read Memory (32 bit) - Success" - ID 47
14:38:40:222 (12/03/2020) - WRITE MEM Access, AP 0x00000000, Addr 0xE0001038, Val 0x00000080, "DAP Write Memory (32 bit) - Success" - ID 48
14:38:40:224 (12/03/2020) - READ  MEM Access, AP 0x00000000, Addr 0xE0001038, Val 0x00000200, "DAP Read Memory (32 bit) - Success" - ID 49
14:38:40:226 (12/03/2020) - WRITE MEM Access, AP 0x00000000, Addr 0xE0001038, Val 0x00000000, "DAP Write Memory (32 bit) - Success" - ID 50
14:38:40:228 (12/03/2020) - WRITE MEM Access, AP 0x00000000, Addr 0xE0001048, Val 0x00000100, "DAP Write Memory (32 bit) - Success" - ID 51
14:38:40:230 (12/03/2020) - READ  MEM Access, AP 0x00000000, Addr 0xE0001048, Val 0x00000000, "DAP Read Memory (32 bit) - Success" - ID 52
14:38:40:232 (12/03/2020) - WRITE MEM Access, AP 0x00000000, Addr 0xE0001048, Val 0x00000080, "DAP Write Memory (32 bit) - Success" - ID 53
14:38:40:234 (12/03/2020) - READ  MEM Access, AP 0x00000000, Addr 0xE0001048, Val 0x00000000, "DAP Read Memory (32 bit) - Success" - ID 54
14:38:40:237 (12/03/2020) - WRITE MEM Access, AP 0x00000000, Addr 0xE0001048, Val 0x00000000, "DAP Write Memory (32 bit) - Success" - ID 55
14:38:40:239 (12/03/2020) - WRITE MEM Access, AP 0x00000000, Addr 0xE0001058, Val 0x00000100, "DAP Write Memory (32 bit) - Success" - ID 56
14:38:40:241 (12/03/2020) - READ  MEM Access, AP 0x00000000, Addr 0xE0001058, Val 0x00000000, "DAP Read Memory (32 bit) - Success" - ID 57
14:38:40:243 (12/03/2020) - WRITE MEM Access, AP 0x00000000, Addr 0xE0001058, Val 0x00000080, "DAP Write Memory (32 bit) - Success" - ID 58
14:38:40:245 (12/03/2020) - READ  MEM Access, AP 0x00000000, Addr 0xE0001058, Val 0x00000000, "DAP Read Memory (32 bit) - Success" - ID 59
14:38:40:247 (12/03/2020) - WRITE MEM Access, AP 0x00000000, Addr 0xE0001058, Val 0x00000000, "DAP Write Memory (32 bit) - Success" - ID 60
14:38:40:249 (12/03/2020) - WRITE MEM Access, AP 0x00000000, Addr 0xE0002000, Val 0x00000002, "DAP Write Memory (32 bit) - Success" - ID 61
14:38:40:251 (12/03/2020) - WRITE MEM Access, AP 0x00000000, Addr 0xE0001028, Val 0x00000000, "DAP Write Memory (32 bit) - Success" - ID 62
14:38:40:254 (12/03/2020) - WRITE MEM Access, AP 0x00000000, Addr 0xE0001038, Val 0x00000000, "DAP Write Memory (32 bit) - Success" - ID 63
14:38:40:256 (12/03/2020) - WRITE MEM Access, AP 0x00000000, Addr 0xE0001048, Val 0x00000000, "DAP Write Memory (32 bit) - Success" - ID 64
14:38:40:258 (12/03/2020) - WRITE MEM Access, AP 0x00000000, Addr 0xE0001058, Val 0x00000000, "DAP Write Memory (32 bit) - Success" - ID 65
14:38:40:260 (12/03/2020) - READ  MEM Access, AP 0x00000000, Addr 0xE000E004, Val 0x00000001, "DAP Read Memory (32 bit) - Success" - ID 66
14:38:40:268 (12/03/2020) - WRITE MEM BLOCK Access, AP 0x00000000, Start Addr 0xE0001000, End Addr 0xE000101B, "DAP Write Memory Block - Success" - ID 67
  Item #0, AP 0, Addr 0xE0001000, Value 0x00000001
  Item #1, AP 0, Addr 0xE0001004, Value 0x00000000
  Item #2, AP 0, Addr 0xE0001008, Value 0x00000000
  Item #3, AP 0, Addr 0xE000100C, Value 0x00000000
  Item #4, AP 0, Addr 0xE0001010, Value 0x00000000
  Item #5, AP 0, Addr 0xE0001014, Value 0x00000000
  Item #6, AP 0, Addr 0xE0001018, Value 0x00000000
14:38:40:268 (12/03/2020) - END SEQUENCE "_InitDebugComponents", "success" - ID 30
14:38:40:279 (12/03/2020) - START SEQUENCE "_InitTrace", "default" - ID 31
14:38:40:279 (12/03/2020) - END SEQUENCE "_InitTrace", "success" - ID 32
14:38:40:279 (12/03/2020) - END SEQUENCE "InitTarget", "success" - ID 33
14:38:40:279 (12/03/2020) - START SEQUENCE "ResetCatchSet", "calling sequence" - ID 34
14:38:40:289 (12/03/2020) - READ  MEM BLOCK Access, AP 0x00000000, Start Addr 0xE000EDFC, End Addr 0xE000EDFF, "DAP Read Memory Block (32-bit accesses) - Success" - ID 68
  Item #0, AP 0, Addr 0xE000EDFC, Value 0x01000001
14:38:40:296 (12/03/2020) - WRITE MEM BLOCK Access, AP 0x00000000, Start Addr 0xE000EDFC, End Addr 0xE000EDFF, "DAP Write Memory Block (32-bit accesses) - Success" - ID 69
  Item #0, AP 0, Addr 0xE000EDFC, Value 0x01000001
14:38:40:303 (12/03/2020) - READ  MEM BLOCK Access, AP 0x00000000, Start Addr 0xE000EDF0, End Addr 0xE000EDF3, "DAP Read Memory Block (32-bit accesses) - Success" - ID 70
  Item #0, AP 0, Addr 0xE000EDF0, Value 0x00030003
14:38:40:309 (12/03/2020) - READ  MEM BLOCK Access, AP 0x00000000, Start Addr 0xE000EDFC, End Addr 0xE000EDFF, "DAP Read Memory Block (32-bit accesses) - Success" - ID 71
  Item #0, AP 0, Addr 0xE000EDFC, Value 0x01000001
14:38:40:315 (12/03/2020) - WRITE MEM BLOCK Access, AP 0x00000000, Start Addr 0xE000EDFC, End Addr 0xE000EDFF, "DAP Write Memory Block (32-bit accesses) - Success" - ID 72
  Item #0, AP 0, Addr 0xE000EDFC, Value 0x01000000
14:38:40:322 (12/03/2020) - WRITE MEM BLOCK Access, AP 0x00000000, Start Addr 0x400FC040, End Addr 0x400FC043, "DAP Write Memory Block (32-bit accesses) - Success" - ID 73
  Item #0, AP 0, Addr 0x400FC040, Value 0x00000001
14:38:40:328 (12/03/2020) - READ  MEM BLOCK Access, AP 0x00000000, Start Addr 0x00000004, End Addr 0x00000007, "DAP Read Memory Block (32-bit accesses) - Success" - ID 74
  Item #0, AP 0, Addr 0x00000004, Value 0x0000029D
14:38:40:334 (12/03/2020) - WRITE MEM BLOCK Access, AP 0x00000000, Start Addr 0xE0002008, End Addr 0xE000200B, "DAP Write Memory Block (32-bit accesses) - Success" - ID 75
  Item #0, AP 0, Addr 0xE0002008, Value 0x4000029D
14:38:40:341 (12/03/2020) - WRITE MEM BLOCK Access, AP 0x00000000, Start Addr 0xE0002000, End Addr 0xE0002003, "DAP Write Memory Block (32-bit accesses) - Success" - ID 76
  Item #0, AP 0, Addr 0xE0002000, Value 0x00000003
14:38:40:341 (12/03/2020) - END SEQUENCE "ResetCatchSet", "success" - ID 35
14:38:40:341 (12/03/2020) - START SEQUENCE "ResetHardware", "calling sequence" - ID 36
14:38:40:348 (12/03/2020) - READ  MEM BLOCK Access, AP 0x00000000, Start Addr 0xE000EDF0, End Addr 0xE000EDF3, "DAP Read Memory Block (32-bit accesses) - Success" - ID 77
  Item #0, AP 0, Addr 0xE000EDF0, Value 0x00030003
14:38:40:411 (12/03/2020) - READ  MEM BLOCK Access, AP 0x00000000, Start Addr 0xE000EDF0, End Addr 0xE000EDF3, "DAP Read Memory Block (32-bit accesses) - Success" - ID 78
  Item #0, AP 0, Addr 0xE000EDF0, Value 0x03030003
14:38:40:417 (12/03/2020) - READ  MEM BLOCK Access, AP 0x00000000, Start Addr 0xE000EDF0, End Addr 0xE000EDF3, "DAP Read Memory Block (32-bit accesses) - Success" - ID 79
  Item #0, AP 0, Addr 0xE000EDF0, Value 0x00030003
14:38:40:426 (12/03/2020) - READ  MEM BLOCK Access, AP 0x00000000, Start Addr 0xE000EDF0, End Addr 0xE000EDF3, "DAP Read Memory Block (32-bit accesses) - Success" - ID 80
  Item #0, AP 0, Addr 0xE000EDF0, Value 0x00030003
14:38:40:432 (12/03/2020) - WRITE MEM BLOCK Access, AP 0x00000000, Start Addr 0xE000EDF0, End Addr 0xE000EDF3, "DAP Write Memory Block (32-bit accesses) - Success" - ID 81
  Item #0, AP 0, Addr 0xE000EDF0, Value 0xA05F0003
14:38:40:438 (12/03/2020) - READ  MEM BLOCK Access, AP 0x00000000, Start Addr 0xE000EDF0, End Addr 0xE000EDF3, "DAP Read Memory Block (32-bit accesses) - Success" - ID 82
  Item #0, AP 0, Addr 0xE000EDF0, Value 0x00030003
14:38:40:444 (12/03/2020) - READ  MEM BLOCK Access, AP 0x00000000, Start Addr 0xE000EDF0, End Addr 0xE000EDF3, "DAP Read Memory Block (32-bit accesses) - Success" - ID 83
  Item #0, AP 0, Addr 0xE000EDF0, Value 0x00030003
14:38:40:450 (12/03/2020) - READ  MEM BLOCK Access, AP 0x00000000, Start Addr 0xE000EDF0, End Addr 0xE000EDF3, "DAP Read Memory Block (32-bit accesses) - Success" - ID 84
  Item #0, AP 0, Addr 0xE000EDF0, Value 0x00030003
14:38:40:457 (12/03/2020) - READ  MEM BLOCK Access, AP 0x00000000, Start Addr 0xE000EDF0, End Addr 0xE000EDF3, "DAP Read Memory Block (32-bit accesses) - Success" - ID 85
  Item #0, AP 0, Addr 0xE000EDF0, Value 0x00030003
14:38:40:463 (12/03/2020) - READ  MEM BLOCK Access, AP 0x00000000, Start Addr 0xE000EDF0, End Addr 0xE000EDF3, "DAP Read Memory Block (32-bit accesses) - Success" - ID 86
  Item #0, AP 0, Addr 0xE000EDF0, Value 0x00030003
14:38:40:470 (12/03/2020) - READ  MEM BLOCK Access, AP 0x00000000, Start Addr 0xE000EDF0, End Addr 0xE000EDF3, "DAP Read Memory Block (32-bit accesses) - Success" - ID 87
  Item #0, AP 0, Addr 0xE000EDF0, Value 0x00030003
14:38:40:476 (12/03/2020) - READ  MEM BLOCK Access, AP 0x00000000, Start Addr 0xE000EDF0, End Addr 0xE000EDF3, "DAP Read Memory Block (32-bit accesses) - Success" - ID 88
  Item #0, AP 0, Addr 0xE000EDF0, Value 0x00030003
14:38:40:482 (12/03/2020) - READ  MEM BLOCK Access, AP 0x00000000, Start Addr 0xE000EDF0, End Addr 0xE000EDF3, "DAP Read Memory Block (32-bit accesses) - Success" - ID 89
  Item #0, AP 0, Addr 0xE000EDF0, Value 0x00030003
14:38:40:482 (12/03/2020) - END SEQUENCE "ResetHardware", "success" - ID 37
14:38:40:586 (12/03/2020) - READ  MEM Access, AP 0x00000000, Addr 0xE000EDF0, Val 0x00030003, "DAP Read Memory (32 bit) - Success" - ID 90
14:38:40:589 (12/03/2020) - READ  MEM Access, AP 0x00000000, Addr 0xE000EDF0, Val 0x00030003, "DAP Read Memory (32 bit) - Success" - ID 91
14:38:40:589 (12/03/2020) - START SEQUENCE "_WaitForStop", "default" - ID 38
14:38:40:592 (12/03/2020) - READ  MEM Access, AP 0x00000000, Addr 0xE000EDF0, Val 0x00030003, "DAP Read Memory (32 bit) - Success" - ID 92
  14:38:40:592 (12/03/2020) - END SEQUENCE "_WaitForStop", "success" - ID 39
  14:38:40:592 (12/03/2020) - START SEQUENCE "ResetCatchClear", "calling sequence" - ID 40
14:38:40:595 (12/03/2020) - READ  MEM Access, AP 0x00000000, Addr 0xE000EDF0, Val 0x00030003, "DAP Read Memory (32 bit) - Success" - ID 93
14:38:40:604 (12/03/2020) - READ  MEM BLOCK Access, AP 0x00000000, Start Addr 0xE000EDFC, End Addr 0xE000EDFF, "DAP Read Memory Block (32-bit accesses) - Success" - ID 94
  Item #0, AP 0, Addr 0xE000EDFC, Value 0x01000000
14:38:40:613 (12/03/2020) - WRITE MEM BLOCK Access, AP 0x00000000, Start Addr 0xE000EDFC, End Addr 0xE000EDFF, "DAP Write Memory Block (32-bit accesses) - Success" - ID 95
  Item #0, AP 0, Addr 0xE000EDFC, Value 0x01000000
14:38:40:622 (12/03/2020) - WRITE MEM BLOCK Access, AP 0x00000000, Start Addr 0xE0002008, End Addr 0xE000200B, "DAP Write Memory Block (32-bit accesses) - Success" - ID 96
  Item #0, AP 0, Addr 0xE0002008, Value 0x00000000
14:38:40:630 (12/03/2020) - WRITE MEM BLOCK Access, AP 0x00000000, Start Addr 0xE0002000, End Addr 0xE0002003, "DAP Write Memory Block (32-bit accesses) - Success" - ID 97
  Item #0, AP 0, Addr 0xE0002000, Value 0x00000002
14:38:40:630 (12/03/2020) - END SEQUENCE "ResetCatchClear", "success" - ID 41
14:38:40:633 (12/03/2020) - READ  MEM Access, AP 0x00000000, Addr 0xE000EDFC, Val 0x01000000, "DAP Read Memory (32 bit) - Success" - ID 98
14:38:40:636 (12/03/2020) - WRITE MEM Access, AP 0x00000000, Addr 0xE000EDFC, Val 0x01000001, "DAP Write Memory (32 bit) - Success" - ID 99
14:38:40:717 (12/03/2020) - READ  MEM BLOCK Access, AP 0x00000000, Start Addr 0xE0001004, End Addr 0xE0001007, "DAP Read Memory Block - Success" - ID 100
  Item #0, AP 0, Addr 0xE0001004, Value 0x00000691
14:38:40:718 (12/03/2020) - START SEQUENCE "DebugCodeMemRemap", "calling sequence" - ID 42
14:38:40:727 (12/03/2020) - WRITE MEM BLOCK Access, AP 0x00000000, Start Addr 0x400FC040, End Addr 0x400FC040, "DAP Write Memory Block (8-bit accesses) - Success" - ID 101
  Item #0, AP 0, Addr 0x400FC040, Value 0x01
14:38:40:737 (12/03/2020) - READ  MEM Access, AP 0x00000000, Addr 0xE000EDF0, Val 0x00030003, "DAP Read Memory (32 bit) - Success" - ID 102
14:38:40:833 (12/03/2020) - WRITE MEM BLOCK Access, AP 0x00000000, Start Addr 0x00000000, End Addr 0x00000FFF, "DAP Write Memory Block - FAILED" - ID 103
14:38:40:867 (12/03/2020) - WRITE MEM BLOCK Access, AP 0x00000000, Start Addr 0x00001000, End Addr 0x00001FFF, "DAP Write Memory Block - FAILED" - ID 104
14:38:40:924 (12/03/2020) - START SEQUENCE "ResetCatchSet", "calling sequence" - ID 43
14:38:40:930 (12/03/2020) - READ  MEM BLOCK Access, AP 0x00000000, Start Addr 0xE000EDFC, End Addr 0xE000EDFF, "DAP Read Memory Block (32-bit accesses) - Success" - ID 105
  Item #0, AP 0, Addr 0xE000EDFC, Value 0x01000001
14:38:40:938 (12/03/2020) - WRITE MEM BLOCK Access, AP 0x00000000, Start Addr 0xE000EDFC, End Addr 0xE000EDFF, "DAP Write Memory Block (32-bit accesses) - Success" - ID 106
  Item #0, AP 0, Addr 0xE000EDFC, Value 0x01000001
14:38:40:945 (12/03/2020) - READ  MEM BLOCK Access, AP 0x00000000, Start Addr 0xE000EDF0, End Addr 0xE000EDF3, "DAP Read Memory Block (32-bit accesses) - Success" - ID 107
  Item #0, AP 0, Addr 0xE000EDF0, Value 0x00030003
14:38:40:952 (12/03/2020) - READ  MEM BLOCK Access, AP 0x00000000, Start Addr 0xE000EDFC, End Addr 0xE000EDFF, "DAP Read Memory Block (32-bit accesses) - Success" - ID 108
  Item #0, AP 0, Addr 0xE000EDFC, Value 0x01000001
14:38:40:961 (12/03/2020) - WRITE MEM BLOCK Access, AP 0x00000000, Start Addr 0xE000EDFC, End Addr 0xE000EDFF, "DAP Write Memory Block (32-bit accesses) - Success" - ID 109
  Item #0, AP 0, Addr 0xE000EDFC, Value 0x01000000
14:38:40:970 (12/03/2020) - WRITE MEM BLOCK Access, AP 0x00000000, Start Addr 0x400FC040, End Addr 0x400FC043, "DAP Write Memory Block (32-bit accesses) - Success" - ID 110
  Item #0, AP 0, Addr 0x400FC040, Value 0x00000001
14:38:40:979 (12/03/2020) - READ  MEM BLOCK Access, AP 0x00000000, Start Addr 0x00000004, End Addr 0x00000007, "DAP Read Memory Block (32-bit accesses) - Success" - ID 111
  Item #0, AP 0, Addr 0x00000004, Value 0x0000029D
14:38:40:988 (12/03/2020) - WRITE MEM BLOCK Access, AP 0x00000000, Start Addr 0xE0002008, End Addr 0xE000200B, "DAP Write Memory Block (32-bit accesses) - Success" - ID 112
  Item #0, AP 0, Addr 0xE0002008, Value 0x4000029D
14:38:40:997 (12/03/2020) - WRITE MEM BLOCK Access, AP 0x00000000, Start Addr 0xE0002000, End Addr 0xE0002003, "DAP Write Memory Block (32-bit accesses) - Success" - ID 113
  Item #0, AP 0, Addr 0xE0002000, Value 0x00000003
14:38:40:997 (12/03/2020) - END SEQUENCE "ResetCatchSet", "success" - ID 44
14:38:40:999 (12/03/2020) - START SEQUENCE "ResetHardware", "calling sequence" - ID 45
14:38:41:008 (12/03/2020) - READ  MEM BLOCK Access, AP 0x00000000, Start Addr 0xE000EDF0, End Addr 0xE000EDF3, "DAP Read Memory Block (32-bit accesses) - Success" - ID 114
  Item #0, AP 0, Addr 0xE000EDF0, Value 0x00030003
14:38:41:070 (12/03/2020) - READ  MEM BLOCK Access, AP 0x00000000, Start Addr 0xE000EDF0, End Addr 0xE000EDF3, "DAP Read Memory Block (32-bit accesses) - Success" - ID 115
  Item #0, AP 0, Addr 0xE000EDF0, Value 0x03030003
14:38:41:079 (12/03/2020) - READ  MEM BLOCK Access, AP 0x00000000, Start Addr 0xE000EDF0, End Addr 0xE000EDF3, "DAP Read Memory Block (32-bit accesses) - Success" - ID 116
  Item #0, AP 0, Addr 0xE000EDF0, Value 0x00030003
14:38:41:088 (12/03/2020) - READ  MEM BLOCK Access, AP 0x00000000, Start Addr 0xE000EDF0, End Addr 0xE000EDF3, "DAP Read Memory Block (32-bit accesses) - Success" - ID 117
  Item #0, AP 0, Addr 0xE000EDF0, Value 0x00030003
14:38:41:097 (12/03/2020) - WRITE MEM BLOCK Access, AP 0x00000000, Start Addr 0xE000EDF0, End Addr 0xE000EDF3, "DAP Write Memory Block (32-bit accesses) - Success" - ID 118
  Item #0, AP 0, Addr 0xE000EDF0, Value 0xA05F0003
14:38:41:106 (12/03/2020) - READ  MEM BLOCK Access, AP 0x00000000, Start Addr 0xE000EDF0, End Addr 0xE000EDF3, "DAP Read Memory Block (32-bit accesses) - Success" - ID 119
  Item #0, AP 0, Addr 0xE000EDF0, Value 0x00030003
14:38:41:114 (12/03/2020) - READ  MEM BLOCK Access, AP 0x00000000, Start Addr 0xE000EDF0, End Addr 0xE000EDF3, "DAP Read Memory Block (32-bit accesses) - Success" - ID 120
  Item #0, AP 0, Addr 0xE000EDF0, Value 0x00030003
14:38:41:121 (12/03/2020) - READ  MEM BLOCK Access, AP 0x00000000, Start Addr 0xE000EDF0, End Addr 0xE000EDF3, "DAP Read Memory Block (32-bit accesses) - Success" - ID 121
  Item #0, AP 0, Addr 0xE000EDF0, Value 0x00030003
14:38:41:131 (12/03/2020) - READ  MEM BLOCK Access, AP 0x00000000, Start Addr 0xE000EDF0, End Addr 0xE000EDF3, "DAP Read Memory Block (32-bit accesses) - Success" - ID 122
  Item #0, AP 0, Addr 0xE000EDF0, Value 0x00030003
14:38:41:139 (12/03/2020) - READ  MEM BLOCK Access, AP 0x00000000, Start Addr 0xE000EDF0, End Addr 0xE000EDF3, "DAP Read Memory Block (32-bit accesses) - Success" - ID 123
  Item #0, AP 0, Addr 0xE000EDF0, Value 0x00030003
14:38:41:145 (12/03/2020) - READ  MEM BLOCK Access, AP 0x00000000, Start Addr 0xE000EDF0, End Addr 0xE000EDF3, "DAP Read Memory Block (32-bit accesses) - Success" - ID 124
  Item #0, AP 0, Addr 0xE000EDF0, Value 0x00030003
14:38:41:151 (12/03/2020) - READ  MEM BLOCK Access, AP 0x00000000, Start Addr 0xE000EDF0, End Addr 0xE000EDF3, "DAP Read Memory Block (32-bit accesses) - Success" - ID 125
  Item #0, AP 0, Addr 0xE000EDF0, Value 0x00030003
14:38:41:158 (12/03/2020) - READ  MEM BLOCK Access, AP 0x00000000, Start Addr 0xE000EDF0, End Addr 0xE000EDF3, "DAP Read Memory Block (32-bit accesses) - Success" - ID 126
  Item #0, AP 0, Addr 0xE000EDF0, Value 0x00030003
14:38:41:158 (12/03/2020) - END SEQUENCE "ResetHardware", "success" - ID 46
14:38:41:261 (12/03/2020) - READ  MEM Access, AP 0x00000000, Addr 0xE000EDF0, Val 0x00030003, "DAP Read Memory (32 bit) - Success" - ID 127
14:38:41:263 (12/03/2020) - READ  MEM Access, AP 0x00000000, Addr 0xE000EDF0, Val 0x00030003, "DAP Read Memory (32 bit) - Success" - ID 128
14:38:41:263 (12/03/2020) - START SEQUENCE "_WaitForStop", "default" - ID 47
14:38:41:265 (12/03/2020) - READ  MEM Access, AP 0x00000000, Addr 0xE000EDF0, Val 0x00030003, "DAP Read Memory (32 bit) - Success" - ID 129
  14:38:41:265 (12/03/2020) - END SEQUENCE "_WaitForStop", "success" - ID 48
  14:38:41:265 (12/03/2020) - START SEQUENCE "ResetCatchClear", "calling sequence" - ID 49
14:38:41:267 (12/03/2020) - READ  MEM Access, AP 0x00000000, Addr 0xE000EDF0, Val 0x00030003, "DAP Read Memory (32 bit) - Success" - ID 130
14:38:41:274 (12/03/2020) - READ  MEM BLOCK Access, AP 0x00000000, Start Addr 0xE000EDFC, End Addr 0xE000EDFF, "DAP Read Memory Block (32-bit accesses) - Success" - ID 131
  Item #0, AP 0, Addr 0xE000EDFC, Value 0x01000000
14:38:41:280 (12/03/2020) - WRITE MEM BLOCK Access, AP 0x00000000, Start Addr 0xE000EDFC, End Addr 0xE000EDFF, "DAP Write Memory Block (32-bit accesses) - Success" - ID 132
  Item #0, AP 0, Addr 0xE000EDFC, Value 0x01000000
14:38:41:287 (12/03/2020) - WRITE MEM BLOCK Access, AP 0x00000000, Start Addr 0xE0002008, End Addr 0xE000200B, "DAP Write Memory Block (32-bit accesses) - Success" - ID 133
  Item #0, AP 0, Addr 0xE0002008, Value 0x00000000
14:38:41:293 (12/03/2020) - WRITE MEM BLOCK Access, AP 0x00000000, Start Addr 0xE0002000, End Addr 0xE0002003, "DAP Write Memory Block (32-bit accesses) - Success" - ID 134
  Item #0, AP 0, Addr 0xE0002000, Value 0x00000002
14:38:41:293 (12/03/2020) - END SEQUENCE "ResetCatchClear", "success" - ID 50
14:38:41:295 (12/03/2020) - READ  MEM Access, AP 0x00000000, Addr 0xE000EDFC, Val 0x01000000, "DAP Read Memory (32 bit) - Success" - ID 135
14:38:41:297 (12/03/2020) - WRITE MEM Access, AP 0x00000000, Addr 0xE000EDFC, Val 0x01000001, "DAP Write Memory (32 bit) - Success" - ID 136
14:38:41:317 (12/03/2020) - READ  MEM BLOCK Access, AP 0x00000000, Start Addr 0x0000029C, End Addr 0x000002D7, "DAP Read Memory Block - Success" - ID 137
  Item #0, AP 0, Addr 0x0000029C, Value 0x47804806
  Item #1, AP 0, Addr 0x000002A0, Value 0x47004806
  Item #2, AP 0, Addr 0x000002A4, Value 0xE7FEE7FE
  Item #3, AP 0, Addr 0x000002A8, Value 0xE7FEE7FE
  Item #4, AP 0, Addr 0x000002AC, Value 0xE7FEE7FE
  Item #5, AP 0, Addr 0x000002B0, Value 0xE7FEE7FE
  Item #6, AP 0, Addr 0x000002B4, Value 0xE7FEE7FE
  Item #7, AP 0, Addr 0x000002B8, Value 0x00004D2D
  Item #8, AP 0, Addr 0x000002BC, Value 0x000000CD
  Item #9, AP 0, Addr 0x000002C0, Value 0x0301EA40
  Item #10, AP 0, Addr 0x000002C4, Value 0xD003079B
  Item #11, AP 0, Addr 0x000002C8, Value 0xC908E009
  Item #12, AP 0, Addr 0x000002CC, Value 0xC0081F12
  Item #13, AP 0, Addr 0x000002D0, Value 0xD2FA2A04
  Item #14, AP 0, Addr 0x000002D4, Value 0xF811E003
14:38:41:458 (12/03/2020) - WRITE MEM Access, AP 0x00000000, Addr 0xE0001008, Val 0x00000000, "DAP Write Memory (32 bit) - Success" - ID 138
14:38:41:461 (12/03/2020) - WRITE MEM Access, AP 0x00000000, Addr 0xE000100C, Val 0x00000000, "DAP Write Memory (32 bit) - Success" - ID 139
14:38:41:464 (12/03/2020) - WRITE MEM Access, AP 0x00000000, Addr 0xE0001010, Val 0x00000000, "DAP Write Memory (32 bit) - Success" - ID 140
14:38:41:467 (12/03/2020) - WRITE MEM Access, AP 0x00000000, Addr 0xE0001014, Val 0x00000000, "DAP Write Memory (32 bit) - Success" - ID 141
14:38:41:470 (12/03/2020) - WRITE MEM Access, AP 0x00000000, Addr 0xE0001018, Val 0x00000000, "DAP Write Memory (32 bit) - Success" - ID 142
14:38:41:520 (12/03/2020) - READ  MEM Access, AP 0x00000000, Addr 0xE000EDF0, Val 0x00030003, "DAP Read Memory (32 bit) - Success" - ID 143
14:38:41:772 (12/03/2020) - READ  MEM Access, AP 0x00000000, Addr 0xE000EDF0, Val 0x00030003, "DAP Read Memory (32 bit) - Success" - ID 144
14:38:42:024 (12/03/2020) - READ  MEM Access, AP 0x00000000, Addr 0xE000EDF0, Val 0x00030003, "DAP Read Memory (32 bit) - Success" - ID 145
14:38:42:275 (12/03/2020) - READ  MEM Access, AP 0x00000000, Addr 0xE000EDF0, Val 0x00030003, "DAP Read Memory (32 bit) - Success" - ID 146
14:38:42:528 (12/03/2020) - READ  MEM Access, AP 0x00000000, Addr 0xE000EDF0, Val 0x00030003, "DAP Read Memory (32 bit) - Success" - ID 147
14:38:42:780 (12/03/2020) - READ  MEM Access, AP 0x00000000, Addr 0xE000EDF0, Val 0x00030003, "DAP Read Memory (32 bit) - Success" - ID 148
14:38:43:032 (12/03/2020) - READ  MEM Access, AP 0x00000000, Addr 0xE000EDF0, Val 0x00030003, "DAP Read Memory (32 bit) - Success" - ID 149
14:38:43:284 (12/03/2020) - READ  MEM Access, AP 0x00000000, Addr 0xE000EDF0, Val 0x00030003, "DAP Read Memory (32 bit) - Success" - ID 150
14:38:43:536 (12/03/2020) - READ  MEM Access, AP 0x00000000, Addr 0xE000EDF0, Val 0x00030003, "DAP Read Memory (32 bit) - Success" - ID 151
14:38:43:788 (12/03/2020) - READ  MEM Access, AP 0x00000000, Addr 0xE000EDF0, Val 0x00030003, "DAP Read Memory (32 bit) - Success" - ID 152
14:38:44:041 (12/03/2020) - READ  MEM Access, AP 0x00000000, Addr 0xE000EDF0, Val 0x00030003, "DAP Read Memory (32 bit) - Success" - ID 153
14:38:44:293 (12/03/2020) - READ  MEM Access, AP 0x00000000, Addr 0xE000EDF0, Val 0x00030003, "DAP Read Memory (32 bit) - Success" - ID 154
14:38:44:546 (12/03/2020) - READ  MEM Access, AP 0x00000000, Addr 0xE000EDF0, Val 0x00030003, "DAP Read Memory (32 bit) - Success" - ID 155
14:38:44:799 (12/03/2020) - READ  MEM Access, AP 0x00000000, Addr 0xE000EDF0, Val 0x00030003, "DAP Read Memory (32 bit) - Success" - ID 156
14:38:45:052 (12/03/2020) - READ  MEM Access, AP 0x00000000, Addr 0xE000EDF0, Val 0x00030003, "DAP Read Memory (32 bit) - Success" - ID 157
14:38:45:182 (12/03/2020) - READ  MEM Access, AP 0x00000000, Addr 0xE0001004, Val 0x00000D22, "DAP Read Memory (32 bit) - Success" - ID 158
14:38:45:303 (12/03/2020) - READ  MEM Access, AP 0x00000000, Addr 0xE000EDF0, Val 0x00030003, "DAP Read Memory (32 bit) - Success" - ID 159
14:38:45:554 (12/03/2020) - READ  MEM Access, AP 0x00000000, Addr 0xE000EDF0, Val 0x00030003, "DAP Read Memory (32 bit) - Success" - ID 160
14:38:45:806 (12/03/2020) - READ  MEM Access, AP 0x00000000, Addr 0xE000EDF0, Val 0x00030003, "DAP Read Memory (32 bit) - Success" - ID 161
14:38:46:058 (12/03/2020) - READ  MEM Access, AP 0x00000000, Addr 0xE000EDF0, Val 0x00030003, "DAP Read Memory (32 bit) - Success" - ID 162
14:38:46:311 (12/03/2020) - READ  MEM Access, AP 0x00000000, Addr 0xE000EDF0, Val 0x00030003, "DAP Read Memory (32 bit) - Success" - ID 163
14:38:46:565 (12/03/2020) - READ  MEM Access, AP 0x00000000, Addr 0xE000EDF0, Val 0x00030003, "DAP Read Memory (32 bit) - Success" - ID 164
14:38:46:818 (12/03/2020) - READ  MEM Access, AP 0x00000000, Addr 0xE000EDF0, Val 0x00030003, "DAP Read Memory (32 bit) - Success" - ID 165
14:38:47:071 (12/03/2020) - READ  MEM Access, AP 0x00000000, Addr 0xE000EDF0, Val 0x00030003, "DAP Read Memory (32 bit) - Success" - ID 166
14:38:47:323 (12/03/2020) - READ  MEM Access, AP 0x00000000, Addr 0xE000EDF0, Val 0x00030003, "DAP Read Memory (32 bit) - Success" - ID 167
14:38:47:577 (12/03/2020) - READ  MEM Access, AP 0x00000000, Addr 0xE000EDF0, Val 0x00030003, "DAP Read Memory (32 bit) - Success" - ID 168
14:38:47:830 (12/03/2020) - READ  MEM Access, AP 0x00000000, Addr 0xE000EDF0, Val 0x00030003, "DAP Read Memory (32 bit) - Success" - ID 169
14:38:48:081 (12/03/2020) - READ  MEM Access, AP 0x00000000, Addr 0xE000EDF0, Val 0x00030003, "DAP Read Memory (32 bit) - Success" - ID 170
14:38:48:334 (12/03/2020) - READ  MEM Access, AP 0x00000000, Addr 0xE000EDF0, Val 0x00030003, "DAP Read Memory (32 bit) - Success" - ID 171
14:38:48:586 (12/03/2020) - READ  MEM Access, AP 0x00000000, Addr 0xE000EDF0, Val 0x00030003, "DAP Read Memory (32 bit) - Success" - ID 172
14:38:48:838 (12/03/2020) - READ  MEM Access, AP 0x00000000, Addr 0xE000EDF0, Val 0x00030003, "DAP Read Memory (32 bit) - Success" - ID 173
14:38:49:091 (12/03/2020) - READ  MEM Access, AP 0x00000000, Addr 0xE000EDF0, Val 0x00030003, "DAP Read Memory (32 bit) - Success" - ID 174
14:38:49:344 (12/03/2020) - READ  MEM Access, AP 0x00000000, Addr 0xE000EDF0, Val 0x00030003, "DAP Read Memory (32 bit) - Success" - ID 175
14:38:49:598 (12/03/2020) - READ  MEM Access, AP 0x00000000, Addr 0xE000EDF0, Val 0x00030003, "DAP Read Memory (32 bit) - Success" - ID 176
14:38:49:852 (12/03/2020) - READ  MEM Access, AP 0x00000000, Addr 0xE000EDF0, Val 0x00030003, "DAP Read Memory (32 bit) - Success" - ID 177
14:38:50:104 (12/03/2020) - READ  MEM Access, AP 0x00000000, Addr 0xE000EDF0, Val 0x00030003, "DAP Read Memory (32 bit) - Success" - ID 178
14:38:50:357 (12/03/2020) - READ  MEM Access, AP 0x00000000, Addr 0xE000EDF0, Val 0x00030003, "DAP Read Memory (32 bit) - Success" - ID 179
14:38:50:610 (12/03/2020) - READ  MEM Access, AP 0x00000000, Addr 0xE000EDF0, Val 0x00030003, "DAP Read Memory (32 bit) - Success" - ID 180
14:38:50:862 (12/03/2020) - READ  MEM Access, AP 0x00000000, Addr 0xE000EDF0, Val 0x00030003, "DAP Read Memory (32 bit) - Success" - ID 181
14:38:51:116 (12/03/2020) - READ  MEM Access, AP 0x00000000, Addr 0xE000EDF0, Val 0x00030003, "DAP Read Memory (32 bit) - Success" - ID 182
14:38:51:368 (12/03/2020) - READ  MEM Access, AP 0x00000000, Addr 0xE000EDF0, Val 0x00030003, "DAP Read Memory (32 bit) - Success" - ID 183
14:38:51:620 (12/03/2020) - READ  MEM Access, AP 0x00000000, Addr 0xE000EDF0, Val 0x00030003, "DAP Read Memory (32 bit) - Success" - ID 184
14:38:51:873 (12/03/2020) - READ  MEM Access, AP 0x00000000, Addr 0xE000EDF0, Val 0x00030003, "DAP Read Memory (32 bit) - Success" - ID 185
14:38:52:125 (12/03/2020) - READ  MEM Access, AP 0x00000000, Addr 0xE000EDF0, Val 0x00030003, "DAP Read Memory (32 bit) - Success" - ID 186
14:38:52:377 (12/03/2020) - READ  MEM Access, AP 0x00000000, Addr 0xE000EDF0, Val 0x00030003, "DAP Read Memory (32 bit) - Success" - ID 187
14:38:52:630 (12/03/2020) - READ  MEM Access, AP 0x00000000, Addr 0xE000EDF0, Val 0x00030003, "DAP Read Memory (32 bit) - Success" - ID 188
14:38:52:882 (12/03/2020) - READ  MEM Access, AP 0x00000000, Addr 0xE000EDF0, Val 0x00030003, "DAP Read Memory (32 bit) - Success" - ID 189
14:38:53:135 (12/03/2020) - READ  MEM Access, AP 0x00000000, Addr 0xE000EDF0, Val 0x00030003, "DAP Read Memory (32 bit) - Success" - ID 190
14:38:53:387 (12/03/2020) - READ  MEM Access, AP 0x00000000, Addr 0xE000EDF0, Val 0x00030003, "DAP Read Memory (32 bit) - Success" - ID 191
14:38:53:640 (12/03/2020) - READ  MEM Access, AP 0x00000000, Addr 0xE000EDF0, Val 0x00030003, "DAP Read Memory (32 bit) - Success" - ID 192
14:38:53:893 (12/03/2020) - READ  MEM Access, AP 0x00000000, Addr 0xE000EDF0, Val 0x00030003, "DAP Read Memory (32 bit) - Success" - ID 193
14:38:54:145 (12/03/2020) - READ  MEM Access, AP 0x00000000, Addr 0xE000EDF0, Val 0x00030003, "DAP Read Memory (32 bit) - Success" - ID 194
14:38:54:397 (12/03/2020) - READ  MEM Access, AP 0x00000000, Addr 0xE000EDF0, Val 0x00030003, "DAP Read Memory (32 bit) - Success" - ID 195
14:38:54:650 (12/03/2020) - READ  MEM Access, AP 0x00000000, Addr 0xE000EDF0, Val 0x00030003, "DAP Read Memory (32 bit) - Success" - ID 196
14:38:54:901 (12/03/2020) - READ  MEM Access, AP 0x00000000, Addr 0xE000EDF0, Val 0x00030003, "DAP Read Memory (32 bit) - Success" - ID 197
14:38:55:154 (12/03/2020) - READ  MEM Access, AP 0x00000000, Addr 0xE000EDF0, Val 0x00030003, "DAP Read Memory (32 bit) - Success" - ID 198
14:38:55:406 (12/03/2020) - READ  MEM Access, AP 0x00000000, Addr 0xE000EDF0, Val 0x00030003, "DAP Read Memory (32 bit) - Success" - ID 199
14:38:55:659 (12/03/2020) - READ  MEM Access, AP 0x00000000, Addr 0xE000EDF0, Val 0x00030003, "DAP Read Memory (32 bit) - Success" - ID 200
14:38:55:911 (12/03/2020) - READ  MEM Access, AP 0x00000000, Addr 0xE000EDF0, Val 0x00030003, "DAP Read Memory (32 bit) - Success" - ID 201
14:38:56:163 (12/03/2020) - READ  MEM Access, AP 0x00000000, Addr 0xE000EDF0, Val 0x00030003, "DAP Read Memory (32 bit) - Success" - ID 202
14:38:56:415 (12/03/2020) - READ  MEM Access, AP 0x00000000, Addr 0xE000EDF0, Val 0x00030003, "DAP Read Memory (32 bit) - Success" - ID 203
14:38:56:667 (12/03/2020) - READ  MEM Access, AP 0x00000000, Addr 0xE000EDF0, Val 0x00030003, "DAP Read Memory (32 bit) - Success" - ID 204
14:38:56:920 (12/03/2020) - READ  MEM Access, AP 0x00000000, Addr 0xE000EDF0, Val 0x00030003, "DAP Read Memory (32 bit) - Success" - ID 205
14:38:57:172 (12/03/2020) - READ  MEM Access, AP 0x00000000, Addr 0xE000EDF0, Val 0x00030003, "DAP Read Memory (32 bit) - Success" - ID 206
14:38:57:425 (12/03/2020) - READ  MEM Access, AP 0x00000000, Addr 0xE000EDF0, Val 0x00030003, "DAP Read Memory (32 bit) - Success" - ID 207
14:38:57:678 (12/03/2020) - READ  MEM Access, AP 0x00000000, Addr 0xE000EDF0, Val 0x00030003, "DAP Read Memory (32 bit) - Success" - ID 208
14:38:57:931 (12/03/2020) - READ  MEM Access, AP 0x00000000, Addr 0xE000EDF0, Val 0x00030003, "DAP Read Memory (32 bit) - Success" - ID 209
14:38:58:183 (12/03/2020) - READ  MEM Access, AP 0x00000000, Addr 0xE000EDF0, Val 0x00030003, "DAP Read Memory (32 bit) - Success" - ID 210
14:38:58:399 (12/03/2020) - READ  MEM Access, AP 0x00000000, Addr 0xE000EDF0, Val 0x00030003, "DAP Read Memory (32 bit) - Success" - ID 211
14:38:58:651 (12/03/2020) - READ  MEM Access, AP 0x00000000, Addr 0xE000EDF0, Val 0x00030003, "DAP Read Memory (32 bit) - Success" - ID 212
14:38:58:900 (12/03/2020) - START SEQUENCE "DebugCoreStop", "default" - ID 51
14:38:58:911 (12/03/2020) - WRITE MEM Access, AP 0x00000000, Addr 0xE000EDFC, Val 0x00000000, "DAP Write Memory (32 bit) - Success" - ID 213
14:38:58:911 (12/03/2020) - END SEQUENCE "DebugCoreStop", "success" - ID 52
14:38:58:911 (12/03/2020) - START SEQUENCE "StopTarget", "default" - ID 53
14:38:58:921 (12/03/2020) - WRITE MEM BLOCK Access, AP 0x00000000, Start Addr 0xE0002000, End Addr 0xE000201F, "DAP Write Memory Block - Success" - ID 214
  Item #0, AP 0, Addr 0xE0002000, Value 0x00000002
  Item #1, AP 0, Addr 0xE0002004, Value 0x00000000
  Item #2, AP 0, Addr 0xE0002008, Value 0x00000000
  Item #3, AP 0, Addr 0xE000200C, Value 0x00000000
  Item #4, AP 0, Addr 0xE0002010, Value 0x00000000
  Item #5, AP 0, Addr 0xE0002014, Value 0x00000000
  Item #6, AP 0, Addr 0xE0002018, Value 0x00000000
  Item #7, AP 0, Addr 0xE000201C, Value 0x00000000
14:38:58:921 (12/03/2020) - START SEQUENCE "_UnInitTrace", "default" - ID 54
14:38:58:921 (12/03/2020) - END SEQUENCE "_UnInitTrace", "success" - ID 55
14:38:58:922 (12/03/2020) - START SEQUENCE "DebugPortStop", "default" - ID 56
14:38:58:925 (12/03/2020) - WRITE DP  Access, Addr 0x00000004, Val 0x00000000, "DAP Write DP - Success" - ID 215
14:38:58:925 (12/03/2020) - END SEQUENCE "DebugPortStop", "success" - ID 57
14:38:58:925 (12/03/2020) - START SEQUENCE "UnInitDebugger", "default" - ID 58
14:38:58:931 (12/03/2020) - END SEQUENCE "UnInitDebugger", "success" - ID 59
14:38:58:931 (12/03/2020) - START SEQUENCE "_UnInitDriver", "default" - ID 60
14:38:58:931 (12/03/2020) - END SEQUENCE "_UnInitDriver", "success" - ID 61
14:38:58:931 (12/03/2020) - END SEQUENCE "StopTarget", "success" - ID 62
