CMSIS_AGDI.DLL - CMSIS-DAP Driver Log

18:45:30:658 (04/03/2020) - START SEQUENCE "InitTarget", "default" - ID 0
18:45:30:658 (04/03/2020) - START SEQUENCE "InitInternals", "default" - ID 1
18:45:30:658 (04/03/2020) - START SEQUENCE "InitDriver", "default" - ID 2
18:45:30:658 (04/03/2020) - END SEQUENCE "InitDriver", "success" - ID 3
18:45:30:658 (04/03/2020) - START SEQUENCE "InitDebugger", "default" - ID 4
18:45:30:689 (04/03/2020) - END SEQUENCE "InitDebugger", "success" - ID 5
18:45:30:689 (04/03/2020) - END SEQUENCE "InitInternals", "success" - ID 6
18:45:30:689 (04/03/2020) - START SEQUENCE "DebugPortSetup", "default" - ID 7
18:45:30:704 (04/03/2020) - END SEQUENCE "DebugPortSetup", "success" - ID 8
18:45:30:704 (04/03/2020) - START SEQUENCE "DebugGetDeviceList", "default" - ID 9
18:45:30:704 (04/03/2020) - END SEQUENCE "DebugGetDeviceList", "success" - ID 10
18:45:30:704 (04/03/2020) - START SEQUENCE "PDSCDebug_DebugGetDeviceNames", "default" - ID 11
18:45:30:704 (04/03/2020) - END SEQUENCE "PDSCDebug_DebugGetDeviceNames", "success" - ID 12
  18:45:30:704 (04/03/2020) - START SEQUENCE "DebugPortStart", "default" - ID 13
  18:45:30:720 (04/03/2020) - END SEQUENCE "DebugPortStart", "success" - ID 14
18:45:30:736 (04/03/2020) - START SEQUENCE "DebugReadDAPFeatures", "default" - ID 15
18:45:30:736 (04/03/2020) - START SEQUENCE "_EvalDPID", "default" - ID 16
18:45:30:736 (04/03/2020) - END SEQUENCE "_EvalDPID", "success" - ID 17
18:45:30:736 (04/03/2020) - WRITE DP  Access, Addr 0x00000008, Val 0x00000000, "DAP Write DP - Success" - ID 0
18:45:30:751 (04/03/2020) - WRITE AP  Access, AP 0, Addr 0x00000000, Val 0x23000052, "DAP Write AP - Success" - ID 1
18:45:30:751 (04/03/2020) - END SEQUENCE "DebugReadDAPFeatures", "success" - ID 18
18:45:30:751 (04/03/2020) - START SEQUENCE "DebugReadTargetFeatures", "default" - ID 19
18:45:30:751 (04/03/2020) - START SEQUENCE "DebugReadRomTable", "default" - ID 20
18:45:30:751 (04/03/2020) - READ  AP  Access, AP 0, Addr 0x000000F8, Val 0xE00FF003, "DAP Read AP - Success" - ID 2
18:45:30:751 (04/03/2020) - READ  MEM BLOCK Access, AP 0, Start Addr 0xE00FFFF0, End Addr 0xE00FFFFF, "DAP Read Memory Block - Success" - ID 3
  Item #0, AP 0, Addr 0xE00FFFF0, Value 0x0000000D
  Item #1, AP 0, Addr 0xE00FFFF4, Value 0x00000010
  Item #2, AP 0, Addr 0xE00FFFF8, Value 0x00000005
  Item #3, AP 0, Addr 0xE00FFFFC, Value 0x000000B1
18:45:30:767 (04/03/2020) - READ  MEM BLOCK Access, AP 0, Start Addr 0xE00FFFD0, End Addr 0xE00FFFEF, "DAP Read Memory Block - Success" - ID 4
  Item #0, AP 0, Addr 0xE00FFFD0, Value 0x00000000
  Item #1, AP 0, Addr 0xE00FFFD4, Value 0x00000000
  Item #2, AP 0, Addr 0xE00FFFD8, Value 0x00000000
  Item #3, AP 0, Addr 0xE00FFFDC, Value 0x00000000
  Item #4, AP 0, Addr 0xE00FFFE0, Value 0x00000000
  Item #5, AP 0, Addr 0xE00FFFE4, Value 0x00000000
  Item #6, AP 0, Addr 0xE00FFFE8, Value 0x00000000
  Item #7, AP 0, Addr 0xE00FFFEC, Value 0x00000000
18:45:30:767 (04/03/2020) - ROM TABLE: Detected Unknown ROM Table at address 0xE00FF000 (PID 0x0000000000000000, CID 0xB105100D)
18:45:30:767 (04/03/2020) - READ  MEM Access, AP 0, Addr 0xE00FF000, Val 0xFFF0F003, "DAP Read Memory (32 bit) - Success" - ID 5
18:45:30:767 (04/03/2020) - READ  MEM BLOCK Access, AP 0, Start Addr 0xE000EFF0, End Addr 0xE000EFFF, "DAP Read Memory Block - Success" - ID 6
  Item #0, AP 0, Addr 0xE000EFF0, Value 0x0000000D
  Item #1, AP 0, Addr 0xE000EFF4, Value 0x000000E0
  Item #2, AP 0, Addr 0xE000EFF8, Value 0x00000005
  Item #3, AP 0, Addr 0xE000EFFC, Value 0x000000B1
18:45:30:783 (04/03/2020) - READ  MEM BLOCK Access, AP 0, Start Addr 0xE000EFD0, End Addr 0xE000EFEF, "DAP Read Memory Block - Success" - ID 7
  Item #0, AP 0, Addr 0xE000EFD0, Value 0x00000004
  Item #1, AP 0, Addr 0xE000EFD4, Value 0x00000000
  Item #2, AP 0, Addr 0xE000EFD8, Value 0x00000000
  Item #3, AP 0, Addr 0xE000EFDC, Value 0x00000000
  Item #4, AP 0, Addr 0xE000EFE0, Value 0x00000000
  Item #5, AP 0, Addr 0xE000EFE4, Value 0x000000B0
  Item #6, AP 0, Addr 0xE000EFE8, Value 0x0000002B
  Item #7, AP 0, Addr 0xE000EFEC, Value 0x00000000
18:45:30:783 (04/03/2020) - ROM TABLE: Detected SCS (ARMv7-M) at address 0xE000E000 (PID 0x00000004002BB000, CID 0xB105E00D)
18:45:30:783 (04/03/2020) - WRITE MEM Access, AP 0, Addr 0xE000EDFC, Val 0x01000000, "DAP Write Memory (32 bit) - Success" - ID 8
18:45:30:783 (04/03/2020) - READ  MEM Access, AP 0, Addr 0xE00FF004, Val 0xFFF02003, "DAP Read Memory (32 bit) - Success" - ID 9
18:45:30:783 (04/03/2020) - READ  MEM BLOCK Access, AP 0, Start Addr 0xE0001FF0, End Addr 0xE0001FFF, "DAP Read Memory Block - Success" - ID 10
  Item #0, AP 0, Addr 0xE0001FF0, Value 0x0000000D
  Item #1, AP 0, Addr 0xE0001FF4, Value 0x000000E0
  Item #2, AP 0, Addr 0xE0001FF8, Value 0x00000005
  Item #3, AP 0, Addr 0xE0001FFC, Value 0x000000B1
18:45:30:798 (04/03/2020) - READ  MEM BLOCK Access, AP 0, Start Addr 0xE0001FD0, End Addr 0xE0001FEF, "DAP Read Memory Block - Success" - ID 11
  Item #0, AP 0, Addr 0xE0001FD0, Value 0x00000004
  Item #1, AP 0, Addr 0xE0001FD4, Value 0x00000000
  Item #2, AP 0, Addr 0xE0001FD8, Value 0x00000000
  Item #3, AP 0, Addr 0xE0001FDC, Value 0x00000000
  Item #4, AP 0, Addr 0xE0001FE0, Value 0x00000002
  Item #5, AP 0, Addr 0xE0001FE4, Value 0x000000B0
  Item #6, AP 0, Addr 0xE0001FE8, Value 0x0000002B
  Item #7, AP 0, Addr 0xE0001FEC, Value 0x00000000
18:45:30:798 (04/03/2020) - ROM TABLE: Detected DWT (ARMv7-M) at address 0xE0001000 (PID 0x00000004002BB002, CID 0xB105E00D)
18:45:30:798 (04/03/2020) - READ  MEM Access, AP 0, Addr 0xE00FF008, Val 0xFFF03003, "DAP Read Memory (32 bit) - Success" - ID 12
18:45:30:798 (04/03/2020) - READ  MEM BLOCK Access, AP 0, Start Addr 0xE0002FF0, End Addr 0xE0002FFF, "DAP Read Memory Block - Success" - ID 13
  Item #0, AP 0, Addr 0xE0002FF0, Value 0x0000000D
  Item #1, AP 0, Addr 0xE0002FF4, Value 0x000000E0
  Item #2, AP 0, Addr 0xE0002FF8, Value 0x00000005
  Item #3, AP 0, Addr 0xE0002FFC, Value 0x000000B1
18:45:30:814 (04/03/2020) - READ  MEM BLOCK Access, AP 0, Start Addr 0xE0002FD0, End Addr 0xE0002FEF, "DAP Read Memory Block - Success" - ID 14
  Item #0, AP 0, Addr 0xE0002FD0, Value 0x00000004
  Item #1, AP 0, Addr 0xE0002FD4, Value 0x00000000
  Item #2, AP 0, Addr 0xE0002FD8, Value 0x00000000
  Item #3, AP 0, Addr 0xE0002FDC, Value 0x00000000
  Item #4, AP 0, Addr 0xE0002FE0, Value 0x00000003
  Item #5, AP 0, Addr 0xE0002FE4, Value 0x000000B0
  Item #6, AP 0, Addr 0xE0002FE8, Value 0x0000002B
  Item #7, AP 0, Addr 0xE0002FEC, Value 0x00000000
18:45:30:814 (04/03/2020) - ROM TABLE: Detected FPB (ARMv7-M) at address 0xE0002000 (PID 0x00000004002BB003, CID 0xB105E00D)
18:45:30:814 (04/03/2020) - READ  MEM Access, AP 0, Addr 0xE00FF00C, Val 0xFFF01003, "DAP Read Memory (32 bit) - Success" - ID 15
18:45:30:814 (04/03/2020) - READ  MEM BLOCK Access, AP 0, Start Addr 0xE0000FF0, End Addr 0xE0000FFF, "DAP Read Memory Block - Success" - ID 16
  Item #0, AP 0, Addr 0xE0000FF0, Value 0x0000000D
  Item #1, AP 0, Addr 0xE0000FF4, Value 0x000000E0
  Item #2, AP 0, Addr 0xE0000FF8, Value 0x00000005
  Item #3, AP 0, Addr 0xE0000FFC, Value 0x000000B1
18:45:30:829 (04/03/2020) - READ  MEM BLOCK Access, AP 0, Start Addr 0xE0000FD0, End Addr 0xE0000FEF, "DAP Read Memory Block - Success" - ID 17
  Item #0, AP 0, Addr 0xE0000FD0, Value 0x00000004
  Item #1, AP 0, Addr 0xE0000FD4, Value 0x00000000
  Item #2, AP 0, Addr 0xE0000FD8, Value 0x00000000
  Item #3, AP 0, Addr 0xE0000FDC, Value 0x00000000
  Item #4, AP 0, Addr 0xE0000FE0, Value 0x00000001
  Item #5, AP 0, Addr 0xE0000FE4, Value 0x000000B0
  Item #6, AP 0, Addr 0xE0000FE8, Value 0x0000002B
  Item #7, AP 0, Addr 0xE0000FEC, Value 0x00000000
18:45:30:829 (04/03/2020) - ROM TABLE: Detected ITM (ARMv7-M) at address 0xE0000000 (PID 0x00000004002BB001, CID 0xB105E00D)
18:45:30:829 (04/03/2020) - READ  MEM Access, AP 0, Addr 0xE00FF010, Val 0xFFF41003, "DAP Read Memory (32 bit) - Success" - ID 18
18:45:30:829 (04/03/2020) - READ  MEM BLOCK Access, AP 0, Start Addr 0xE0040FF0, End Addr 0xE0040FFF, "DAP Read Memory Block - Success" - ID 19
  Item #0, AP 0, Addr 0xE0040FF0, Value 0x0000000D
  Item #1, AP 0, Addr 0xE0040FF4, Value 0x00000090
  Item #2, AP 0, Addr 0xE0040FF8, Value 0x00000005
  Item #3, AP 0, Addr 0xE0040FFC, Value 0x000000B1
18:45:30:845 (04/03/2020) - READ  MEM BLOCK Access, AP 0, Start Addr 0xE0040FD0, End Addr 0xE0040FEF, "DAP Read Memory Block - Success" - ID 20
  Item #0, AP 0, Addr 0xE0040FD0, Value 0x00000004
  Item #1, AP 0, Addr 0xE0040FD4, Value 0x00000000
  Item #2, AP 0, Addr 0xE0040FD8, Value 0x00000000
  Item #3, AP 0, Addr 0xE0040FDC, Value 0x00000000
  Item #4, AP 0, Addr 0xE0040FE0, Value 0x00000023
  Item #5, AP 0, Addr 0xE0040FE4, Value 0x000000B9
  Item #6, AP 0, Addr 0xE0040FE8, Value 0x0000002B
  Item #7, AP 0, Addr 0xE0040FEC, Value 0x00000000
18:45:30:845 (04/03/2020) - ROM TABLE: Detected TPIU (Cortex-M3) at address 0xE0040000 (PID 0x00000004002BB923, CID 0xB105900D)
18:45:30:845 (04/03/2020) - READ  MEM Access, AP 0, Addr 0xE00FF014, Val 0xFFF42003, "DAP Read Memory (32 bit) - Success" - ID 21
18:45:30:845 (04/03/2020) - READ  MEM BLOCK Access, AP 0, Start Addr 0xE0041FF0, End Addr 0xE0041FFF, "DAP Read Memory Block - Success" - ID 22
  Item #0, AP 0, Addr 0xE0041FF0, Value 0x0000000D
  Item #1, AP 0, Addr 0xE0041FF4, Value 0x00000090
  Item #2, AP 0, Addr 0xE0041FF8, Value 0x00000005
  Item #3, AP 0, Addr 0xE0041FFC, Value 0x000000B1
18:45:30:861 (04/03/2020) - READ  MEM BLOCK Access, AP 0, Start Addr 0xE0041FD0, End Addr 0xE0041FEF, "DAP Read Memory Block - Success" - ID 23
  Item #0, AP 0, Addr 0xE0041FD0, Value 0x00000004
  Item #1, AP 0, Addr 0xE0041FD4, Value 0x00000000
  Item #2, AP 0, Addr 0xE0041FD8, Value 0x00000000
  Item #3, AP 0, Addr 0xE0041FDC, Value 0x00000000
  Item #4, AP 0, Addr 0xE0041FE0, Value 0x00000024
  Item #5, AP 0, Addr 0xE0041FE4, Value 0x000000B9
  Item #6, AP 0, Addr 0xE0041FE8, Value 0x0000002B
  Item #7, AP 0, Addr 0xE0041FEC, Value 0x00000000
18:45:30:861 (04/03/2020) - ROM TABLE: Detected ETM (Cortex-M3) at address 0xE0041000 (PID 0x00000004002BB924, CID 0xB105900D)
18:45:30:861 (04/03/2020) - READ  MEM Access, AP 0, Addr 0xE00FF018, Val 0x00000000, "DAP Read Memory (32 bit) - Success" - ID 24
18:45:30:861 (04/03/2020) - END SEQUENCE "DebugReadRomTable", "success" - ID 21
18:45:30:861 (04/03/2020) - START SEQUENCE "_EvalCPUID", "default" - ID 22
18:45:30:861 (04/03/2020) - READ  MEM Access, AP 0, Addr 0xE000ED00, Val 0x412FC230, "DAP Read Memory (32 bit) - Success" - ID 25
18:45:30:861 (04/03/2020) - END SEQUENCE "_EvalCPUID", "success" - ID 23
18:45:30:861 (04/03/2020) - READ  DP  Access, Addr 0x00000004, Val 0xF0000F40, "DAP Read DP - Success" - ID 26
18:45:30:861 (04/03/2020) - END SEQUENCE "DebugReadTargetFeatures", "success" - ID 24
18:45:30:861 (04/03/2020) - START SEQUENCE "DebugCoreStart", "default" - ID 25
18:45:30:861 (04/03/2020) - READ  MEM Access, AP 0, Addr 0xE000EDF0, Val 0x01010000, "DAP Read Memory (32 bit) - Success" - ID 27
18:45:30:861 (04/03/2020) - WRITE MEM Access, AP 0, Addr 0xE000EDF0, Val 0xA05F0001, "DAP Write Memory (32 bit) - Success" - ID 28
18:45:30:861 (04/03/2020) - END SEQUENCE "DebugCoreStart", "success" - ID 26
18:45:30:876 (04/03/2020) - READ  MEM Access, AP 0, Addr 0xE000EDFC, Val 0x01000000, "DAP Read Memory (32 bit) - Success" - ID 29
18:45:30:876 (04/03/2020) - WRITE MEM Access, AP 0, Addr 0xE000EDFC, Val 0x01000001, "DAP Write Memory (32 bit) - Success" - ID 30
18:45:30:876 (04/03/2020) - WRITE MEM Access, AP 0, Addr 0xE000EDF0, Val 0xA05F0003, "DAP Write Memory (32 bit) - Success" - ID 31
18:45:30:876 (04/03/2020) - START SEQUENCE "_WaitForStop", "default" - ID 27
18:45:30:876 (04/03/2020) - READ  MEM Access, AP 0, Addr 0xE000EDF0, Val 0x01030003, "DAP Read Memory (32 bit) - Success" - ID 32
18:45:30:876 (04/03/2020) - END SEQUENCE "_WaitForStop", "success" - ID 28
18:45:30:876 (04/03/2020) - WRITE MEM Access, AP 0, Addr 0xE000EDF0, Val 0xA05F0003, "DAP Write Memory (32 bit) - Success" - ID 33
18:45:30:876 (04/03/2020) - START SEQUENCE "_InitDebugComponents", "default" - ID 29
18:45:30:876 (04/03/2020) - READ  MEM Access, AP 0, Addr 0xE000EDFC, Val 0x01000001, "DAP Read Memory (32 bit) - Success" - ID 34
18:45:30:876 (04/03/2020) - READ  MEM Access, AP 0, Addr 0xE0002000, Val 0x00000260, "DAP Read Memory (32 bit) - Success" - ID 35
18:45:30:876 (04/03/2020) - READ  MEM Access, AP 0, Addr 0xE0001000, Val 0x40000001, "DAP Read Memory (32 bit) - Success" - ID 36
18:45:30:892 (04/03/2020) - WRITE MEM Access, AP 0, Addr 0xE0001024, Val 0x0000001F, "DAP Write Memory (32 bit) - Success" - ID 37
18:45:30:892 (04/03/2020) - READ  MEM Access, AP 0, Addr 0xE0001024, Val 0x0000000F, "DAP Read Memory (32 bit) - Success" - ID 38
18:45:30:892 (04/03/2020) - WRITE MEM Access, AP 0, Addr 0xE0001024, Val 0x00000000, "DAP Write Memory (32 bit) - Success" - ID 39
18:45:30:892 (04/03/2020) - WRITE MEM Access, AP 0, Addr 0xE0001028, Val 0x00000100, "DAP Write Memory (32 bit) - Success" - ID 40
18:45:30:892 (04/03/2020) - READ  MEM Access, AP 0, Addr 0xE0001028, Val 0x00000000, "DAP Read Memory (32 bit) - Success" - ID 41
18:45:30:892 (04/03/2020) - WRITE MEM Access, AP 0, Addr 0xE0001028, Val 0x00000080, "DAP Write Memory (32 bit) - Success" - ID 42
18:45:30:892 (04/03/2020) - READ  MEM Access, AP 0, Addr 0xE0001028, Val 0x00000080, "DAP Read Memory (32 bit) - Success" - ID 43
18:45:30:892 (04/03/2020) - WRITE MEM Access, AP 0, Addr 0xE0001028, Val 0x00000000, "DAP Write Memory (32 bit) - Success" - ID 44
18:45:30:908 (04/03/2020) - WRITE MEM Access, AP 0, Addr 0xE0001038, Val 0x00000100, "DAP Write Memory (32 bit) - Success" - ID 45
18:45:30:908 (04/03/2020) - READ  MEM Access, AP 0, Addr 0xE0001038, Val 0x00000300, "DAP Read Memory (32 bit) - Success" - ID 46
18:45:30:908 (04/03/2020) - WRITE MEM Access, AP 0, Addr 0xE0001038, Val 0x00000080, "DAP Write Memory (32 bit) - Success" - ID 47
18:45:30:908 (04/03/2020) - READ  MEM Access, AP 0, Addr 0xE0001038, Val 0x00000200, "DAP Read Memory (32 bit) - Success" - ID 48
18:45:30:908 (04/03/2020) - WRITE MEM Access, AP 0, Addr 0xE0001038, Val 0x00000000, "DAP Write Memory (32 bit) - Success" - ID 49
18:45:30:908 (04/03/2020) - WRITE MEM Access, AP 0, Addr 0xE0001048, Val 0x00000100, "DAP Write Memory (32 bit) - Success" - ID 50
18:45:30:923 (04/03/2020) - READ  MEM Access, AP 0, Addr 0xE0001048, Val 0x00000000, "DAP Read Memory (32 bit) - Success" - ID 51
18:45:30:923 (04/03/2020) - WRITE MEM Access, AP 0, Addr 0xE0001048, Val 0x00000080, "DAP Write Memory (32 bit) - Success" - ID 52
18:45:30:923 (04/03/2020) - READ  MEM Access, AP 0, Addr 0xE0001048, Val 0x00000000, "DAP Read Memory (32 bit) - Success" - ID 53
18:45:30:923 (04/03/2020) - WRITE MEM Access, AP 0, Addr 0xE0001048, Val 0x00000000, "DAP Write Memory (32 bit) - Success" - ID 54
18:45:30:923 (04/03/2020) - WRITE MEM Access, AP 0, Addr 0xE0001058, Val 0x00000100, "DAP Write Memory (32 bit) - Success" - ID 55
18:45:30:923 (04/03/2020) - READ  MEM Access, AP 0, Addr 0xE0001058, Val 0x00000000, "DAP Read Memory (32 bit) - Success" - ID 56
18:45:30:923 (04/03/2020) - WRITE MEM Access, AP 0, Addr 0xE0001058, Val 0x00000080, "DAP Write Memory (32 bit) - Success" - ID 57
18:45:30:923 (04/03/2020) - READ  MEM Access, AP 0, Addr 0xE0001058, Val 0x00000000, "DAP Read Memory (32 bit) - Success" - ID 58
18:45:30:939 (04/03/2020) - WRITE MEM Access, AP 0, Addr 0xE0001058, Val 0x00000000, "DAP Write Memory (32 bit) - Success" - ID 59
18:45:30:939 (04/03/2020) - WRITE MEM Access, AP 0, Addr 0xE0002000, Val 0x00000002, "DAP Write Memory (32 bit) - Success" - ID 60
18:45:30:939 (04/03/2020) - WRITE MEM Access, AP 0, Addr 0xE0001028, Val 0x00000000, "DAP Write Memory (32 bit) - Success" - ID 61
18:45:30:939 (04/03/2020) - WRITE MEM Access, AP 0, Addr 0xE0001038, Val 0x00000000, "DAP Write Memory (32 bit) - Success" - ID 62
18:45:30:939 (04/03/2020) - WRITE MEM Access, AP 0, Addr 0xE0001048, Val 0x00000000, "DAP Write Memory (32 bit) - Success" - ID 63
18:45:30:939 (04/03/2020) - WRITE MEM Access, AP 0, Addr 0xE0001058, Val 0x00000000, "DAP Write Memory (32 bit) - Success" - ID 64
18:45:30:939 (04/03/2020) - READ  MEM Access, AP 0, Addr 0xE000E004, Val 0x00000001, "DAP Read Memory (32 bit) - Success" - ID 65
18:45:30:954 (04/03/2020) - WRITE MEM BLOCK Access, AP 0, Start Addr 0xE0001000, End Addr 0xE000101B, "DAP Write Memory Block - Success" - ID 66
  Item #0, AP 0, Addr 0xE0001000, Value 0x00000001
  Item #1, AP 0, Addr 0xE0001004, Value 0x00000000
  Item #2, AP 0, Addr 0xE0001008, Value 0x00000000
  Item #3, AP 0, Addr 0xE000100C, Value 0x00000000
  Item #4, AP 0, Addr 0xE0001010, Value 0x00000000
  Item #5, AP 0, Addr 0xE0001014, Value 0x00000000
  Item #6, AP 0, Addr 0xE0001018, Value 0x00000000
18:45:30:954 (04/03/2020) - END SEQUENCE "_InitDebugComponents", "success" - ID 30
18:45:30:954 (04/03/2020) - START SEQUENCE "_InitTrace", "default" - ID 31
18:45:30:954 (04/03/2020) - END SEQUENCE "_InitTrace", "success" - ID 32
18:45:30:954 (04/03/2020) - END SEQUENCE "InitTarget", "success" - ID 33
18:45:30:954 (04/03/2020) - START SEQUENCE "ResetCatchSet", "calling sequence" - ID 34
18:45:30:970 (04/03/2020) - READ  MEM BLOCK Access, AP 0, Start Addr 0xE000EDFC, End Addr 0xE000EDFF, "DAP Read Memory Block (32-bit accesses) - Success" - ID 67
  Item #0, AP 0, Addr 0xE000EDFC, Value 0x01000001
18:45:30:970 (04/03/2020) - WRITE MEM BLOCK Access, AP 0, Start Addr 0xE000EDFC, End Addr 0xE000EDFF, "DAP Write Memory Block (32-bit accesses) - Success" - ID 68
  Item #0, AP 0, Addr 0xE000EDFC, Value 0x01000001
18:45:30:986 (04/03/2020) - READ  MEM BLOCK Access, AP 0, Start Addr 0xE000EDF0, End Addr 0xE000EDF3, "DAP Read Memory Block (32-bit accesses) - Success" - ID 69
  Item #0, AP 0, Addr 0xE000EDF0, Value 0x00030003
18:45:30:986 (04/03/2020) - READ  MEM BLOCK Access, AP 0, Start Addr 0xE000EDFC, End Addr 0xE000EDFF, "DAP Read Memory Block (32-bit accesses) - Success" - ID 70
  Item #0, AP 0, Addr 0xE000EDFC, Value 0x01000001
18:45:31:001 (04/03/2020) - WRITE MEM BLOCK Access, AP 0, Start Addr 0xE000EDFC, End Addr 0xE000EDFF, "DAP Write Memory Block (32-bit accesses) - Success" - ID 71
  Item #0, AP 0, Addr 0xE000EDFC, Value 0x01000000
18:45:31:001 (04/03/2020) - WRITE MEM BLOCK Access, AP 0, Start Addr 0x400FC040, End Addr 0x400FC043, "DAP Write Memory Block (32-bit accesses) - Success" - ID 72
  Item #0, AP 0, Addr 0x400FC040, Value 0x00000001
18:45:31:001 (04/03/2020) - READ  MEM BLOCK Access, AP 0, Start Addr 0x00000004, End Addr 0x00000007, "DAP Read Memory Block (32-bit accesses) - Success" - ID 73
  Item #0, AP 0, Addr 0x00000004, Value 0x0000029D
18:45:31:017 (04/03/2020) - WRITE MEM BLOCK Access, AP 0, Start Addr 0xE0002008, End Addr 0xE000200B, "DAP Write Memory Block (32-bit accesses) - Success" - ID 74
  Item #0, AP 0, Addr 0xE0002008, Value 0x4000029D
18:45:31:017 (04/03/2020) - WRITE MEM BLOCK Access, AP 0, Start Addr 0xE0002000, End Addr 0xE0002003, "DAP Write Memory Block (32-bit accesses) - Success" - ID 75
  Item #0, AP 0, Addr 0xE0002000, Value 0x00000003
18:45:31:017 (04/03/2020) - END SEQUENCE "ResetCatchSet", "success" - ID 35
18:45:31:017 (04/03/2020) - START SEQUENCE "ResetHardware", "calling sequence" - ID 36
18:45:31:017 (04/03/2020) - READ  MEM BLOCK Access, AP 0, Start Addr 0xE000EDF0, End Addr 0xE000EDF3, "DAP Read Memory Block (32-bit accesses) - Success" - ID 76
  Item #0, AP 0, Addr 0xE000EDF0, Value 0x00030003
18:45:31:095 (04/03/2020) - READ  MEM BLOCK Access, AP 0, Start Addr 0xE000EDF0, End Addr 0xE000EDF3, "DAP Read Memory Block (32-bit accesses) - Success" - ID 77
  Item #0, AP 0, Addr 0xE000EDF0, Value 0x03030003
18:45:31:095 (04/03/2020) - READ  MEM BLOCK Access, AP 0, Start Addr 0xE000EDF0, End Addr 0xE000EDF3, "DAP Read Memory Block (32-bit accesses) - Success" - ID 78
  Item #0, AP 0, Addr 0xE000EDF0, Value 0x00030003
18:45:31:111 (04/03/2020) - READ  MEM BLOCK Access, AP 0, Start Addr 0xE000EDF0, End Addr 0xE000EDF3, "DAP Read Memory Block (32-bit accesses) - Success" - ID 79
  Item #0, AP 0, Addr 0xE000EDF0, Value 0x00030003
18:45:31:111 (04/03/2020) - WRITE MEM BLOCK Access, AP 0, Start Addr 0xE000EDF0, End Addr 0xE000EDF3, "DAP Write Memory Block (32-bit accesses) - Success" - ID 80
  Item #0, AP 0, Addr 0xE000EDF0, Value 0xA05F0003
18:45:31:126 (04/03/2020) - READ  MEM BLOCK Access, AP 0, Start Addr 0xE000EDF0, End Addr 0xE000EDF3, "DAP Read Memory Block (32-bit accesses) - Success" - ID 81
  Item #0, AP 0, Addr 0xE000EDF0, Value 0x00030003
18:45:31:126 (04/03/2020) - READ  MEM BLOCK Access, AP 0, Start Addr 0xE000EDF0, End Addr 0xE000EDF3, "DAP Read Memory Block (32-bit accesses) - Success" - ID 82
  Item #0, AP 0, Addr 0xE000EDF0, Value 0x00030003
18:45:31:126 (04/03/2020) - READ  MEM BLOCK Access, AP 0, Start Addr 0xE000EDF0, End Addr 0xE000EDF3, "DAP Read Memory Block (32-bit accesses) - Success" - ID 83
  Item #0, AP 0, Addr 0xE000EDF0, Value 0x00030003
18:45:31:142 (04/03/2020) - READ  MEM BLOCK Access, AP 0, Start Addr 0xE000EDF0, End Addr 0xE000EDF3, "DAP Read Memory Block (32-bit accesses) - Success" - ID 84
  Item #0, AP 0, Addr 0xE000EDF0, Value 0x00030003
18:45:31:142 (04/03/2020) - READ  MEM BLOCK Access, AP 0, Start Addr 0xE000EDF0, End Addr 0xE000EDF3, "DAP Read Memory Block (32-bit accesses) - Success" - ID 85
  Item #0, AP 0, Addr 0xE000EDF0, Value 0x00030003
18:45:31:158 (04/03/2020) - READ  MEM BLOCK Access, AP 0, Start Addr 0xE000EDF0, End Addr 0xE000EDF3, "DAP Read Memory Block (32-bit accesses) - Success" - ID 86
  Item #0, AP 0, Addr 0xE000EDF0, Value 0x00030003
18:45:31:158 (04/03/2020) - READ  MEM BLOCK Access, AP 0, Start Addr 0xE000EDF0, End Addr 0xE000EDF3, "DAP Read Memory Block (32-bit accesses) - Success" - ID 87
  Item #0, AP 0, Addr 0xE000EDF0, Value 0x00030003
18:45:31:158 (04/03/2020) - READ  MEM BLOCK Access, AP 0, Start Addr 0xE000EDF0, End Addr 0xE000EDF3, "DAP Read Memory Block (32-bit accesses) - Success" - ID 88
  Item #0, AP 0, Addr 0xE000EDF0, Value 0x00030003
18:45:31:173 (04/03/2020) - READ  MEM BLOCK Access, AP 0, Start Addr 0xE000EDF0, End Addr 0xE000EDF3, "DAP Read Memory Block (32-bit accesses) - Success" - ID 89
  Item #0, AP 0, Addr 0xE000EDF0, Value 0x00030003
18:45:31:173 (04/03/2020) - END SEQUENCE "ResetHardware", "success" - ID 37
18:45:31:283 (04/03/2020) - READ  MEM Access, AP 0, Addr 0xE000EDF0, Val 0x00030003, "DAP Read Memory (32 bit) - Success" - ID 90
18:45:31:283 (04/03/2020) - READ  MEM Access, AP 0, Addr 0xE000EDF0, Val 0x00030003, "DAP Read Memory (32 bit) - Success" - ID 91
18:45:31:283 (04/03/2020) - START SEQUENCE "_WaitForStop", "default" - ID 38
18:45:31:283 (04/03/2020) - READ  MEM Access, AP 0, Addr 0xE000EDF0, Val 0x00030003, "DAP Read Memory (32 bit) - Success" - ID 92
  18:45:31:283 (04/03/2020) - END SEQUENCE "_WaitForStop", "success" - ID 39
  18:45:31:283 (04/03/2020) - START SEQUENCE "ResetCatchClear", "calling sequence" - ID 40
18:45:31:283 (04/03/2020) - READ  MEM Access, AP 0, Addr 0xE000EDF0, Val 0x00030003, "DAP Read Memory (32 bit) - Success" - ID 93
18:45:31:283 (04/03/2020) - READ  MEM BLOCK Access, AP 0, Start Addr 0xE000EDFC, End Addr 0xE000EDFF, "DAP Read Memory Block (32-bit accesses) - Success" - ID 94
  Item #0, AP 0, Addr 0xE000EDFC, Value 0x01000000
18:45:31:298 (04/03/2020) - WRITE MEM BLOCK Access, AP 0, Start Addr 0xE000EDFC, End Addr 0xE000EDFF, "DAP Write Memory Block (32-bit accesses) - Success" - ID 95
  Item #0, AP 0, Addr 0xE000EDFC, Value 0x01000000
18:45:31:298 (04/03/2020) - WRITE MEM BLOCK Access, AP 0, Start Addr 0xE0002008, End Addr 0xE000200B, "DAP Write Memory Block (32-bit accesses) - Success" - ID 96
  Item #0, AP 0, Addr 0xE0002008, Value 0x00000000
18:45:31:314 (04/03/2020) - WRITE MEM BLOCK Access, AP 0, Start Addr 0xE0002000, End Addr 0xE0002003, "DAP Write Memory Block (32-bit accesses) - Success" - ID 97
  Item #0, AP 0, Addr 0xE0002000, Value 0x00000002
18:45:31:314 (04/03/2020) - END SEQUENCE "ResetCatchClear", "success" - ID 41
18:45:31:314 (04/03/2020) - READ  MEM Access, AP 0, Addr 0xE000EDFC, Val 0x01000000, "DAP Read Memory (32 bit) - Success" - ID 98
18:45:31:314 (04/03/2020) - WRITE MEM Access, AP 0, Addr 0xE000EDFC, Val 0x01000001, "DAP Write Memory (32 bit) - Success" - ID 99
18:45:31:329 (04/03/2020) - READ  MEM BLOCK Access, AP 0, Start Addr 0xE0001004, End Addr 0xE0001007, "DAP Read Memory Block - Success" - ID 100
  Item #0, AP 0, Addr 0xE0001004, Value 0x00000691
18:45:31:329 (04/03/2020) - START SEQUENCE "DebugCodeMemRemap", "calling sequence" - ID 42
18:45:31:329 (04/03/2020) - WRITE MEM BLOCK Access, AP 0, Start Addr 0x400FC040, End Addr 0x400FC040, "DAP Write Memory Block (8-bit accesses) - Success" - ID 101
  Item #0, AP 0, Addr 0x400FC040, Value 0x01
18:45:31:345 (04/03/2020) - READ  MEM Access, AP 0, Addr 0xE000EDF0, Val 0x00030003, "DAP Read Memory (32 bit) - Success" - ID 102
18:45:31:392 (04/03/2020) - WRITE MEM BLOCK Access, AP 0, Start Addr 0x00000000, End Addr 0x00000FFF, "DAP Write Memory Block - FAILED" - ID 103
18:45:31:408 (04/03/2020) - WRITE MEM BLOCK Access, AP 0, Start Addr 0x00001000, End Addr 0x00001FFF, "DAP Write Memory Block - FAILED" - ID 104
18:45:31:470 (04/03/2020) - START SEQUENCE "ResetCatchSet", "calling sequence" - ID 43
18:45:31:470 (04/03/2020) - READ  MEM BLOCK Access, AP 0, Start Addr 0xE000EDFC, End Addr 0xE000EDFF, "DAP Read Memory Block (32-bit accesses) - Success" - ID 105
  Item #0, AP 0, Addr 0xE000EDFC, Value 0x01000001
18:45:31:486 (04/03/2020) - WRITE MEM BLOCK Access, AP 0, Start Addr 0xE000EDFC, End Addr 0xE000EDFF, "DAP Write Memory Block (32-bit accesses) - Success" - ID 106
  Item #0, AP 0, Addr 0xE000EDFC, Value 0x01000001
18:45:31:486 (04/03/2020) - READ  MEM BLOCK Access, AP 0, Start Addr 0xE000EDF0, End Addr 0xE000EDF3, "DAP Read Memory Block (32-bit accesses) - Success" - ID 107
  Item #0, AP 0, Addr 0xE000EDF0, Value 0x00030003
18:45:31:501 (04/03/2020) - READ  MEM BLOCK Access, AP 0, Start Addr 0xE000EDFC, End Addr 0xE000EDFF, "DAP Read Memory Block (32-bit accesses) - Success" - ID 108
  Item #0, AP 0, Addr 0xE000EDFC, Value 0x01000001
18:45:31:501 (04/03/2020) - WRITE MEM BLOCK Access, AP 0, Start Addr 0xE000EDFC, End Addr 0xE000EDFF, "DAP Write Memory Block (32-bit accesses) - Success" - ID 109
  Item #0, AP 0, Addr 0xE000EDFC, Value 0x01000000
18:45:31:501 (04/03/2020) - WRITE MEM BLOCK Access, AP 0, Start Addr 0x400FC040, End Addr 0x400FC043, "DAP Write Memory Block (32-bit accesses) - Success" - ID 110
  Item #0, AP 0, Addr 0x400FC040, Value 0x00000001
18:45:31:517 (04/03/2020) - READ  MEM BLOCK Access, AP 0, Start Addr 0x00000004, End Addr 0x00000007, "DAP Read Memory Block (32-bit accesses) - Success" - ID 111
  Item #0, AP 0, Addr 0x00000004, Value 0x0000029D
18:45:31:517 (04/03/2020) - WRITE MEM BLOCK Access, AP 0, Start Addr 0xE0002008, End Addr 0xE000200B, "DAP Write Memory Block (32-bit accesses) - Success" - ID 112
  Item #0, AP 0, Addr 0xE0002008, Value 0x4000029D
18:45:31:517 (04/03/2020) - WRITE MEM BLOCK Access, AP 0, Start Addr 0xE0002000, End Addr 0xE0002003, "DAP Write Memory Block (32-bit accesses) - Success" - ID 113
  Item #0, AP 0, Addr 0xE0002000, Value 0x00000003
18:45:31:517 (04/03/2020) - END SEQUENCE "ResetCatchSet", "success" - ID 44
18:45:31:533 (04/03/2020) - START SEQUENCE "ResetHardware", "calling sequence" - ID 45
18:45:31:533 (04/03/2020) - READ  MEM BLOCK Access, AP 0, Start Addr 0xE000EDF0, End Addr 0xE000EDF3, "DAP Read Memory Block (32-bit accesses) - Success" - ID 114
  Item #0, AP 0, Addr 0xE000EDF0, Value 0x00030003
18:45:31:595 (04/03/2020) - READ  MEM BLOCK Access, AP 0, Start Addr 0xE000EDF0, End Addr 0xE000EDF3, "DAP Read Memory Block (32-bit accesses) - Success" - ID 115
  Item #0, AP 0, Addr 0xE000EDF0, Value 0x03030003
18:45:31:595 (04/03/2020) - READ  MEM BLOCK Access, AP 0, Start Addr 0xE000EDF0, End Addr 0xE000EDF3, "DAP Read Memory Block (32-bit accesses) - Success" - ID 116
  Item #0, AP 0, Addr 0xE000EDF0, Value 0x00030003
18:45:31:611 (04/03/2020) - READ  MEM BLOCK Access, AP 0, Start Addr 0xE000EDF0, End Addr 0xE000EDF3, "DAP Read Memory Block (32-bit accesses) - Success" - ID 117
  Item #0, AP 0, Addr 0xE000EDF0, Value 0x00030003
18:45:31:611 (04/03/2020) - WRITE MEM BLOCK Access, AP 0, Start Addr 0xE000EDF0, End Addr 0xE000EDF3, "DAP Write Memory Block (32-bit accesses) - Success" - ID 118
  Item #0, AP 0, Addr 0xE000EDF0, Value 0xA05F0003
18:45:31:626 (04/03/2020) - READ  MEM BLOCK Access, AP 0, Start Addr 0xE000EDF0, End Addr 0xE000EDF3, "DAP Read Memory Block (32-bit accesses) - Success" - ID 119
  Item #0, AP 0, Addr 0xE000EDF0, Value 0x00030003
18:45:31:626 (04/03/2020) - READ  MEM BLOCK Access, AP 0, Start Addr 0xE000EDF0, End Addr 0xE000EDF3, "DAP Read Memory Block (32-bit accesses) - Success" - ID 120
  Item #0, AP 0, Addr 0xE000EDF0, Value 0x00030003
18:45:31:626 (04/03/2020) - READ  MEM BLOCK Access, AP 0, Start Addr 0xE000EDF0, End Addr 0xE000EDF3, "DAP Read Memory Block (32-bit accesses) - Success" - ID 121
  Item #0, AP 0, Addr 0xE000EDF0, Value 0x00030003
18:45:31:642 (04/03/2020) - READ  MEM BLOCK Access, AP 0, Start Addr 0xE000EDF0, End Addr 0xE000EDF3, "DAP Read Memory Block (32-bit accesses) - Success" - ID 122
  Item #0, AP 0, Addr 0xE000EDF0, Value 0x00030003
18:45:31:642 (04/03/2020) - READ  MEM BLOCK Access, AP 0, Start Addr 0xE000EDF0, End Addr 0xE000EDF3, "DAP Read Memory Block (32-bit accesses) - Success" - ID 123
  Item #0, AP 0, Addr 0xE000EDF0, Value 0x00030003
18:45:31:657 (04/03/2020) - READ  MEM BLOCK Access, AP 0, Start Addr 0xE000EDF0, End Addr 0xE000EDF3, "DAP Read Memory Block (32-bit accesses) - Success" - ID 124
  Item #0, AP 0, Addr 0xE000EDF0, Value 0x00030003
18:45:31:657 (04/03/2020) - READ  MEM BLOCK Access, AP 0, Start Addr 0xE000EDF0, End Addr 0xE000EDF3, "DAP Read Memory Block (32-bit accesses) - Success" - ID 125
  Item #0, AP 0, Addr 0xE000EDF0, Value 0x00030003
18:45:31:657 (04/03/2020) - READ  MEM BLOCK Access, AP 0, Start Addr 0xE000EDF0, End Addr 0xE000EDF3, "DAP Read Memory Block (32-bit accesses) - Success" - ID 126
  Item #0, AP 0, Addr 0xE000EDF0, Value 0x00030003
18:45:31:673 (04/03/2020) - READ  MEM BLOCK Access, AP 0, Start Addr 0xE000EDF0, End Addr 0xE000EDF3, "DAP Read Memory Block (32-bit accesses) - Success" - ID 127
  Item #0, AP 0, Addr 0xE000EDF0, Value 0x00030003
18:45:31:673 (04/03/2020) - END SEQUENCE "ResetHardware", "success" - ID 46
18:45:31:783 (04/03/2020) - READ  MEM Access, AP 0, Addr 0xE000EDF0, Val 0x00030003, "DAP Read Memory (32 bit) - Success" - ID 128
18:45:31:783 (04/03/2020) - READ  MEM Access, AP 0, Addr 0xE000EDF0, Val 0x00030003, "DAP Read Memory (32 bit) - Success" - ID 129
18:45:31:783 (04/03/2020) - START SEQUENCE "_WaitForStop", "default" - ID 47
18:45:31:783 (04/03/2020) - READ  MEM Access, AP 0, Addr 0xE000EDF0, Val 0x00030003, "DAP Read Memory (32 bit) - Success" - ID 130
  18:45:31:783 (04/03/2020) - END SEQUENCE "_WaitForStop", "success" - ID 48
  18:45:31:783 (04/03/2020) - START SEQUENCE "ResetCatchClear", "calling sequence" - ID 49
18:45:31:783 (04/03/2020) - READ  MEM Access, AP 0, Addr 0xE000EDF0, Val 0x00030003, "DAP Read Memory (32 bit) - Success" - ID 131
18:45:31:783 (04/03/2020) - READ  MEM BLOCK Access, AP 0, Start Addr 0xE000EDFC, End Addr 0xE000EDFF, "DAP Read Memory Block (32-bit accesses) - Success" - ID 132
  Item #0, AP 0, Addr 0xE000EDFC, Value 0x01000000
18:45:31:798 (04/03/2020) - WRITE MEM BLOCK Access, AP 0, Start Addr 0xE000EDFC, End Addr 0xE000EDFF, "DAP Write Memory Block (32-bit accesses) - Success" - ID 133
  Item #0, AP 0, Addr 0xE000EDFC, Value 0x01000000
18:45:31:798 (04/03/2020) - WRITE MEM BLOCK Access, AP 0, Start Addr 0xE0002008, End Addr 0xE000200B, "DAP Write Memory Block (32-bit accesses) - Success" - ID 134
  Item #0, AP 0, Addr 0xE0002008, Value 0x00000000
18:45:31:814 (04/03/2020) - WRITE MEM BLOCK Access, AP 0, Start Addr 0xE0002000, End Addr 0xE0002003, "DAP Write Memory Block (32-bit accesses) - Success" - ID 135
  Item #0, AP 0, Addr 0xE0002000, Value 0x00000002
18:45:31:814 (04/03/2020) - END SEQUENCE "ResetCatchClear", "success" - ID 50
18:45:31:814 (04/03/2020) - READ  MEM Access, AP 0, Addr 0xE000EDFC, Val 0x01000000, "DAP Read Memory (32 bit) - Success" - ID 136
18:45:31:814 (04/03/2020) - WRITE MEM Access, AP 0, Addr 0xE000EDFC, Val 0x01000001, "DAP Write Memory (32 bit) - Success" - ID 137
18:45:31:829 (04/03/2020) - READ  MEM BLOCK Access, AP 0, Start Addr 0x0000029C, End Addr 0x000002D7, "DAP Read Memory Block - Success" - ID 138
  Item #0, AP 0, Addr 0x0000029C, Value 0x47804806
  Item #1, AP 0, Addr 0x000002A0, Value 0x47004806
  Item #2, AP 0, Addr 0x000002A4, Value 0xE7FEE7FE
  Item #3, AP 0, Addr 0x000002A8, Value 0xE7FEE7FE
  Item #4, AP 0, Addr 0x000002AC, Value 0xE7FEE7FE
  Item #5, AP 0, Addr 0x000002B0, Value 0xE7FEE7FE
  Item #6, AP 0, Addr 0x000002B4, Value 0xE7FEE7FE
  Item #7, AP 0, Addr 0x000002B8, Value 0x00004CF1
  Item #8, AP 0, Addr 0x000002BC, Value 0x000000CD
  Item #9, AP 0, Addr 0x000002C0, Value 0x0301EA40
  Item #10, AP 0, Addr 0x000002C4, Value 0xD003079B
  Item #11, AP 0, Addr 0x000002C8, Value 0xC908E009
  Item #12, AP 0, Addr 0x000002CC, Value 0xC0081F12
  Item #13, AP 0, Addr 0x000002D0, Value 0xD2FA2A04
  Item #14, AP 0, Addr 0x000002D4, Value 0xF811E003
18:45:31:923 (04/03/2020) - WRITE MEM Access, AP 0, Addr 0xE0001008, Val 0x00000000, "DAP Write Memory (32 bit) - Success" - ID 139
18:45:31:923 (04/03/2020) - WRITE MEM Access, AP 0, Addr 0xE000100C, Val 0x00000000, "DAP Write Memory (32 bit) - Success" - ID 140
18:45:31:923 (04/03/2020) - WRITE MEM Access, AP 0, Addr 0xE0001010, Val 0x00000000, "DAP Write Memory (32 bit) - Success" - ID 141
18:45:31:923 (04/03/2020) - WRITE MEM Access, AP 0, Addr 0xE0001014, Val 0x00000000, "DAP Write Memory (32 bit) - Success" - ID 142
18:45:31:923 (04/03/2020) - WRITE MEM Access, AP 0, Addr 0xE0001018, Val 0x00000000, "DAP Write Memory (32 bit) - Success" - ID 143
18:45:32:048 (04/03/2020) - READ  MEM Access, AP 0, Addr 0xE000EDF0, Val 0x00030003, "DAP Read Memory (32 bit) - Success" - ID 144
18:45:32:298 (04/03/2020) - READ  MEM Access, AP 0, Addr 0xE000EDF0, Val 0x00030003, "DAP Read Memory (32 bit) - Success" - ID 145
18:45:32:564 (04/03/2020) - READ  MEM Access, AP 0, Addr 0xE000EDF0, Val 0x00030003, "DAP Read Memory (32 bit) - Success" - ID 146
18:45:32:829 (04/03/2020) - READ  MEM Access, AP 0, Addr 0xE000EDF0, Val 0x00030003, "DAP Read Memory (32 bit) - Success" - ID 147
18:45:33:095 (04/03/2020) - READ  MEM Access, AP 0, Addr 0xE000EDF0, Val 0x00030003, "DAP Read Memory (32 bit) - Success" - ID 148
18:45:33:126 (04/03/2020) - READ  MEM Access, AP 0, Addr 0xE0001004, Val 0x00000D22, "DAP Read Memory (32 bit) - Success" - ID 149
18:45:33:361 (04/03/2020) - READ  MEM Access, AP 0, Addr 0xE000EDF0, Val 0x00030003, "DAP Read Memory (32 bit) - Success" - ID 150
18:45:33:626 (04/03/2020) - READ  MEM Access, AP 0, Addr 0xE000EDF0, Val 0x00030003, "DAP Read Memory (32 bit) - Success" - ID 151
18:45:33:892 (04/03/2020) - READ  MEM Access, AP 0, Addr 0xE000EDF0, Val 0x00030003, "DAP Read Memory (32 bit) - Success" - ID 152
18:45:34:142 (04/03/2020) - READ  MEM Access, AP 0, Addr 0xE000EDF0, Val 0x00030003, "DAP Read Memory (32 bit) - Success" - ID 153
18:45:34:407 (04/03/2020) - READ  MEM Access, AP 0, Addr 0xE000EDF0, Val 0x00030003, "DAP Read Memory (32 bit) - Success" - ID 154
18:45:34:673 (04/03/2020) - READ  MEM Access, AP 0, Addr 0xE000EDF0, Val 0x00030003, "DAP Read Memory (32 bit) - Success" - ID 155
18:45:34:939 (04/03/2020) - READ  MEM Access, AP 0, Addr 0xE000EDF0, Val 0x00030003, "DAP Read Memory (32 bit) - Success" - ID 156
18:45:35:204 (04/03/2020) - READ  MEM Access, AP 0, Addr 0xE000EDF0, Val 0x00030003, "DAP Read Memory (32 bit) - Success" - ID 157
18:45:35:407 (04/03/2020) - START SEQUENCE "ResetCatchSet", "calling sequence" - ID 51
18:45:35:407 (04/03/2020) - READ  MEM BLOCK Access, AP 0, Start Addr 0xE000EDFC, End Addr 0xE000EDFF, "DAP Read Memory Block (32-bit accesses) - Success" - ID 158
  Item #0, AP 0, Addr 0xE000EDFC, Value 0x01000001
18:45:35:423 (04/03/2020) - WRITE MEM BLOCK Access, AP 0, Start Addr 0xE000EDFC, End Addr 0xE000EDFF, "DAP Write Memory Block (32-bit accesses) - Success" - ID 159
  Item #0, AP 0, Addr 0xE000EDFC, Value 0x01000001
18:45:35:423 (04/03/2020) - READ  MEM BLOCK Access, AP 0, Start Addr 0xE000EDF0, End Addr 0xE000EDF3, "DAP Read Memory Block (32-bit accesses) - Success" - ID 160
  Item #0, AP 0, Addr 0xE000EDF0, Value 0x00030003
18:45:35:423 (04/03/2020) - READ  MEM BLOCK Access, AP 0, Start Addr 0xE000EDFC, End Addr 0xE000EDFF, "DAP Read Memory Block (32-bit accesses) - Success" - ID 161
  Item #0, AP 0, Addr 0xE000EDFC, Value 0x01000001
18:45:35:439 (04/03/2020) - WRITE MEM BLOCK Access, AP 0, Start Addr 0xE000EDFC, End Addr 0xE000EDFF, "DAP Write Memory Block (32-bit accesses) - Success" - ID 162
  Item #0, AP 0, Addr 0xE000EDFC, Value 0x01000000
18:45:35:439 (04/03/2020) - WRITE MEM BLOCK Access, AP 0, Start Addr 0x400FC040, End Addr 0x400FC043, "DAP Write Memory Block (32-bit accesses) - Success" - ID 163
  Item #0, AP 0, Addr 0x400FC040, Value 0x00000001
18:45:35:439 (04/03/2020) - READ  MEM BLOCK Access, AP 0, Start Addr 0x00000004, End Addr 0x00000007, "DAP Read Memory Block (32-bit accesses) - Success" - ID 164
  Item #0, AP 0, Addr 0x00000004, Value 0x0000029D
18:45:35:454 (04/03/2020) - WRITE MEM BLOCK Access, AP 0, Start Addr 0xE0002008, End Addr 0xE000200B, "DAP Write Memory Block (32-bit accesses) - Success" - ID 165
  Item #0, AP 0, Addr 0xE0002008, Value 0x4000029D
18:45:35:454 (04/03/2020) - WRITE MEM BLOCK Access, AP 0, Start Addr 0xE0002000, End Addr 0xE0002003, "DAP Write Memory Block (32-bit accesses) - Success" - ID 166
  Item #0, AP 0, Addr 0xE0002000, Value 0x00000003
18:45:35:454 (04/03/2020) - END SEQUENCE "ResetCatchSet", "success" - ID 52
18:45:35:454 (04/03/2020) - START SEQUENCE "ResetHardware", "calling sequence" - ID 53
18:45:35:470 (04/03/2020) - READ  MEM BLOCK Access, AP 0, Start Addr 0xE000EDF0, End Addr 0xE000EDF3, "DAP Read Memory Block (32-bit accesses) - Success" - ID 167
  Item #0, AP 0, Addr 0xE000EDF0, Value 0x00030003
18:45:35:532 (04/03/2020) - READ  MEM BLOCK Access, AP 0, Start Addr 0xE000EDF0, End Addr 0xE000EDF3, "DAP Read Memory Block (32-bit accesses) - Success" - ID 168
  Item #0, AP 0, Addr 0xE000EDF0, Value 0x03030003
18:45:35:532 (04/03/2020) - READ  MEM BLOCK Access, AP 0, Start Addr 0xE000EDF0, End Addr 0xE000EDF3, "DAP Read Memory Block (32-bit accesses) - Success" - ID 169
  Item #0, AP 0, Addr 0xE000EDF0, Value 0x00030003
18:45:35:548 (04/03/2020) - READ  MEM BLOCK Access, AP 0, Start Addr 0xE000EDF0, End Addr 0xE000EDF3, "DAP Read Memory Block (32-bit accesses) - Success" - ID 170
  Item #0, AP 0, Addr 0xE000EDF0, Value 0x00030003
18:45:35:548 (04/03/2020) - WRITE MEM BLOCK Access, AP 0, Start Addr 0xE000EDF0, End Addr 0xE000EDF3, "DAP Write Memory Block (32-bit accesses) - Success" - ID 171
  Item #0, AP 0, Addr 0xE000EDF0, Value 0xA05F0003
18:45:35:564 (04/03/2020) - READ  MEM BLOCK Access, AP 0, Start Addr 0xE000EDF0, End Addr 0xE000EDF3, "DAP Read Memory Block (32-bit accesses) - Success" - ID 172
  Item #0, AP 0, Addr 0xE000EDF0, Value 0x00030003
18:45:35:564 (04/03/2020) - READ  MEM BLOCK Access, AP 0, Start Addr 0xE000EDF0, End Addr 0xE000EDF3, "DAP Read Memory Block (32-bit accesses) - Success" - ID 173
  Item #0, AP 0, Addr 0xE000EDF0, Value 0x00030003
18:45:35:564 (04/03/2020) - READ  MEM BLOCK Access, AP 0, Start Addr 0xE000EDF0, End Addr 0xE000EDF3, "DAP Read Memory Block (32-bit accesses) - Success" - ID 174
  Item #0, AP 0, Addr 0xE000EDF0, Value 0x00030003
18:45:35:579 (04/03/2020) - READ  MEM BLOCK Access, AP 0, Start Addr 0xE000EDF0, End Addr 0xE000EDF3, "DAP Read Memory Block (32-bit accesses) - Success" - ID 175
  Item #0, AP 0, Addr 0xE000EDF0, Value 0x00030003
18:45:35:579 (04/03/2020) - READ  MEM BLOCK Access, AP 0, Start Addr 0xE000EDF0, End Addr 0xE000EDF3, "DAP Read Memory Block (32-bit accesses) - Success" - ID 176
  Item #0, AP 0, Addr 0xE000EDF0, Value 0x00030003
18:45:35:579 (04/03/2020) - READ  MEM BLOCK Access, AP 0, Start Addr 0xE000EDF0, End Addr 0xE000EDF3, "DAP Read Memory Block (32-bit accesses) - Success" - ID 177
  Item #0, AP 0, Addr 0xE000EDF0, Value 0x00030003
18:45:35:595 (04/03/2020) - READ  MEM BLOCK Access, AP 0, Start Addr 0xE000EDF0, End Addr 0xE000EDF3, "DAP Read Memory Block (32-bit accesses) - Success" - ID 178
  Item #0, AP 0, Addr 0xE000EDF0, Value 0x00030003
18:45:35:595 (04/03/2020) - READ  MEM BLOCK Access, AP 0, Start Addr 0xE000EDF0, End Addr 0xE000EDF3, "DAP Read Memory Block (32-bit accesses) - Success" - ID 179
  Item #0, AP 0, Addr 0xE000EDF0, Value 0x00030003
18:45:35:610 (04/03/2020) - READ  MEM BLOCK Access, AP 0, Start Addr 0xE000EDF0, End Addr 0xE000EDF3, "DAP Read Memory Block (32-bit accesses) - Success" - ID 180
  Item #0, AP 0, Addr 0xE000EDF0, Value 0x00030003
18:45:35:610 (04/03/2020) - END SEQUENCE "ResetHardware", "success" - ID 54
18:45:35:720 (04/03/2020) - READ  MEM Access, AP 0, Addr 0xE000EDF0, Val 0x00030003, "DAP Read Memory (32 bit) - Success" - ID 181
18:45:35:720 (04/03/2020) - READ  MEM Access, AP 0, Addr 0xE000EDF0, Val 0x00030003, "DAP Read Memory (32 bit) - Success" - ID 182
18:45:35:720 (04/03/2020) - START SEQUENCE "_WaitForStop", "default" - ID 55
18:45:35:720 (04/03/2020) - READ  MEM Access, AP 0, Addr 0xE000EDF0, Val 0x00030003, "DAP Read Memory (32 bit) - Success" - ID 183
  18:45:35:720 (04/03/2020) - END SEQUENCE "_WaitForStop", "success" - ID 56
  18:45:35:720 (04/03/2020) - START SEQUENCE "ResetCatchClear", "calling sequence" - ID 57
18:45:35:720 (04/03/2020) - READ  MEM Access, AP 0, Addr 0xE000EDF0, Val 0x00030003, "DAP Read Memory (32 bit) - Success" - ID 184
18:45:35:720 (04/03/2020) - READ  MEM BLOCK Access, AP 0, Start Addr 0xE000EDFC, End Addr 0xE000EDFF, "DAP Read Memory Block (32-bit accesses) - Success" - ID 185
  Item #0, AP 0, Addr 0xE000EDFC, Value 0x01000000
18:45:35:735 (04/03/2020) - WRITE MEM BLOCK Access, AP 0, Start Addr 0xE000EDFC, End Addr 0xE000EDFF, "DAP Write Memory Block (32-bit accesses) - Success" - ID 186
  Item #0, AP 0, Addr 0xE000EDFC, Value 0x01000000
18:45:35:735 (04/03/2020) - WRITE MEM BLOCK Access, AP 0, Start Addr 0xE0002008, End Addr 0xE000200B, "DAP Write Memory Block (32-bit accesses) - Success" - ID 187
  Item #0, AP 0, Addr 0xE0002008, Value 0x00000000
18:45:35:751 (04/03/2020) - WRITE MEM BLOCK Access, AP 0, Start Addr 0xE0002000, End Addr 0xE0002003, "DAP Write Memory Block (32-bit accesses) - Success" - ID 188
  Item #0, AP 0, Addr 0xE0002000, Value 0x00000002
18:45:35:751 (04/03/2020) - END SEQUENCE "ResetCatchClear", "success" - ID 58
18:45:35:751 (04/03/2020) - READ  MEM Access, AP 0, Addr 0xE000EDFC, Val 0x01000000, "DAP Read Memory (32 bit) - Success" - ID 189
18:45:35:751 (04/03/2020) - WRITE MEM Access, AP 0, Addr 0xE000EDFC, Val 0x01000001, "DAP Write Memory (32 bit) - Success" - ID 190
18:45:35:782 (04/03/2020) - READ  MEM Access, AP 0, Addr 0xE0001004, Val 0x000013B3, "DAP Read Memory (32 bit) - Success" - ID 191
18:45:35:876 (04/03/2020) - WRITE MEM Access, AP 0, Addr 0xE0001008, Val 0x00000000, "DAP Write Memory (32 bit) - Success" - ID 192
18:45:35:876 (04/03/2020) - WRITE MEM Access, AP 0, Addr 0xE000100C, Val 0x00000000, "DAP Write Memory (32 bit) - Success" - ID 193
18:45:35:876 (04/03/2020) - WRITE MEM Access, AP 0, Addr 0xE0001010, Val 0x00000000, "DAP Write Memory (32 bit) - Success" - ID 194
18:45:35:876 (04/03/2020) - WRITE MEM Access, AP 0, Addr 0xE0001014, Val 0x00000000, "DAP Write Memory (32 bit) - Success" - ID 195
18:45:35:876 (04/03/2020) - WRITE MEM Access, AP 0, Addr 0xE0001018, Val 0x00000000, "DAP Write Memory (32 bit) - Success" - ID 196
18:45:35:985 (04/03/2020) - READ  MEM Access, AP 0, Addr 0xE000EDF0, Val 0x00030003, "DAP Read Memory (32 bit) - Success" - ID 197
18:45:36:251 (04/03/2020) - READ  MEM Access, AP 0, Addr 0xE000EDF0, Val 0x00030003, "DAP Read Memory (32 bit) - Success" - ID 198
18:45:36:517 (04/03/2020) - READ  MEM Access, AP 0, Addr 0xE000EDF0, Val 0x00030003, "DAP Read Memory (32 bit) - Success" - ID 199
18:45:36:767 (04/03/2020) - READ  MEM Access, AP 0, Addr 0xE000EDF0, Val 0x00030003, "DAP Read Memory (32 bit) - Success" - ID 200
18:45:37:032 (04/03/2020) - READ  MEM Access, AP 0, Addr 0xE000EDF0, Val 0x00030003, "DAP Read Memory (32 bit) - Success" - ID 201
18:45:37:298 (04/03/2020) - READ  MEM Access, AP 0, Addr 0xE000EDF0, Val 0x00030003, "DAP Read Memory (32 bit) - Success" - ID 202
18:45:37:563 (04/03/2020) - READ  MEM Access, AP 0, Addr 0xE000EDF0, Val 0x00030003, "DAP Read Memory (32 bit) - Success" - ID 203
18:45:37:813 (04/03/2020) - READ  MEM Access, AP 0, Addr 0xE000EDF0, Val 0x00030003, "DAP Read Memory (32 bit) - Success" - ID 204
18:45:38:079 (04/03/2020) - READ  MEM Access, AP 0, Addr 0xE000EDF0, Val 0x00030003, "DAP Read Memory (32 bit) - Success" - ID 205
18:45:38:345 (04/03/2020) - READ  MEM Access, AP 0, Addr 0xE000EDF0, Val 0x00030003, "DAP Read Memory (32 bit) - Success" - ID 206
18:45:38:610 (04/03/2020) - READ  MEM Access, AP 0, Addr 0xE000EDF0, Val 0x00030003, "DAP Read Memory (32 bit) - Success" - ID 207
18:45:38:876 (04/03/2020) - READ  MEM Access, AP 0, Addr 0xE000EDF0, Val 0x00030003, "DAP Read Memory (32 bit) - Success" - ID 208
18:45:39:126 (04/03/2020) - READ  MEM Access, AP 0, Addr 0xE000EDF0, Val 0x00030003, "DAP Read Memory (32 bit) - Success" - ID 209
18:45:39:391 (04/03/2020) - READ  MEM Access, AP 0, Addr 0xE000EDF0, Val 0x00030003, "DAP Read Memory (32 bit) - Success" - ID 210
18:45:39:657 (04/03/2020) - READ  MEM Access, AP 0, Addr 0xE000EDF0, Val 0x00030003, "DAP Read Memory (32 bit) - Success" - ID 211
18:45:39:923 (04/03/2020) - READ  MEM Access, AP 0, Addr 0xE000EDF0, Val 0x00030003, "DAP Read Memory (32 bit) - Success" - ID 212
18:45:40:188 (04/03/2020) - READ  MEM Access, AP 0, Addr 0xE000EDF0, Val 0x00030003, "DAP Read Memory (32 bit) - Success" - ID 213
18:45:40:454 (04/03/2020) - READ  MEM Access, AP 0, Addr 0xE000EDF0, Val 0x00030003, "DAP Read Memory (32 bit) - Success" - ID 214
18:45:40:719 (04/03/2020) - READ  MEM Access, AP 0, Addr 0xE000EDF0, Val 0x00030003, "DAP Read Memory (32 bit) - Success" - ID 215
18:45:40:985 (04/03/2020) - READ  MEM Access, AP 0, Addr 0xE000EDF0, Val 0x00030003, "DAP Read Memory (32 bit) - Success" - ID 216
18:45:41:251 (04/03/2020) - READ  MEM Access, AP 0, Addr 0xE000EDF0, Val 0x00030003, "DAP Read Memory (32 bit) - Success" - ID 217
18:45:41:516 (04/03/2020) - READ  MEM Access, AP 0, Addr 0xE000EDF0, Val 0x00030003, "DAP Read Memory (32 bit) - Success" - ID 218
18:45:41:766 (04/03/2020) - READ  MEM Access, AP 0, Addr 0xE000EDF0, Val 0x00030003, "DAP Read Memory (32 bit) - Success" - ID 219
18:45:42:032 (04/03/2020) - READ  MEM Access, AP 0, Addr 0xE000EDF0, Val 0x00030003, "DAP Read Memory (32 bit) - Success" - ID 220
18:45:42:282 (04/03/2020) - READ  MEM Access, AP 0, Addr 0xE000EDF0, Val 0x00030003, "DAP Read Memory (32 bit) - Success" - ID 221
18:45:42:547 (04/03/2020) - READ  MEM Access, AP 0, Addr 0xE000EDF0, Val 0x00030003, "DAP Read Memory (32 bit) - Success" - ID 222
18:45:42:813 (04/03/2020) - READ  MEM Access, AP 0, Addr 0xE000EDF0, Val 0x00030003, "DAP Read Memory (32 bit) - Success" - ID 223
18:45:43:063 (04/03/2020) - READ  MEM Access, AP 0, Addr 0xE000EDF0, Val 0x00030003, "DAP Read Memory (32 bit) - Success" - ID 224
18:45:43:329 (04/03/2020) - READ  MEM Access, AP 0, Addr 0xE000EDF0, Val 0x00030003, "DAP Read Memory (32 bit) - Success" - ID 225
18:45:43:594 (04/03/2020) - READ  MEM Access, AP 0, Addr 0xE000EDF0, Val 0x00030003, "DAP Read Memory (32 bit) - Success" - ID 226
18:45:43:860 (04/03/2020) - READ  MEM Access, AP 0, Addr 0xE000EDF0, Val 0x00030003, "DAP Read Memory (32 bit) - Success" - ID 227
18:45:44:110 (04/03/2020) - READ  MEM Access, AP 0, Addr 0xE000EDF0, Val 0x00030003, "DAP Read Memory (32 bit) - Success" - ID 228
18:45:44:376 (04/03/2020) - READ  MEM Access, AP 0, Addr 0xE000EDF0, Val 0x00030003, "DAP Read Memory (32 bit) - Success" - ID 229
18:45:44:641 (04/03/2020) - READ  MEM Access, AP 0, Addr 0xE000EDF0, Val 0x00030003, "DAP Read Memory (32 bit) - Success" - ID 230
18:45:44:907 (04/03/2020) - READ  MEM Access, AP 0, Addr 0xE000EDF0, Val 0x00030003, "DAP Read Memory (32 bit) - Success" - ID 231
18:45:45:172 (04/03/2020) - READ  MEM Access, AP 0, Addr 0xE000EDF0, Val 0x00030003, "DAP Read Memory (32 bit) - Success" - ID 232
18:45:45:438 (04/03/2020) - READ  MEM Access, AP 0, Addr 0xE000EDF0, Val 0x00030003, "DAP Read Memory (32 bit) - Success" - ID 233
18:45:45:704 (04/03/2020) - READ  MEM Access, AP 0, Addr 0xE000EDF0, Val 0x00030003, "DAP Read Memory (32 bit) - Success" - ID 234
18:45:45:969 (04/03/2020) - READ  MEM Access, AP 0, Addr 0xE000EDF0, Val 0x00030003, "DAP Read Memory (32 bit) - Success" - ID 235
18:45:46:235 (04/03/2020) - READ  MEM Access, AP 0, Addr 0xE000EDF0, Val 0x00030003, "DAP Read Memory (32 bit) - Success" - ID 236
18:45:46:500 (04/03/2020) - READ  MEM Access, AP 0, Addr 0xE000EDF0, Val 0x00030003, "DAP Read Memory (32 bit) - Success" - ID 237
18:45:46:766 (04/03/2020) - READ  MEM Access, AP 0, Addr 0xE000EDF0, Val 0x00030003, "DAP Read Memory (32 bit) - Success" - ID 238
18:45:47:032 (04/03/2020) - READ  MEM Access, AP 0, Addr 0xE000EDF0, Val 0x00030003, "DAP Read Memory (32 bit) - Success" - ID 239
18:45:47:297 (04/03/2020) - READ  MEM Access, AP 0, Addr 0xE000EDF0, Val 0x00030003, "DAP Read Memory (32 bit) - Success" - ID 240
18:45:47:547 (04/03/2020) - READ  MEM Access, AP 0, Addr 0xE000EDF0, Val 0x00030003, "DAP Read Memory (32 bit) - Success" - ID 241
18:45:47:813 (04/03/2020) - READ  MEM Access, AP 0, Addr 0xE000EDF0, Val 0x00030003, "DAP Read Memory (32 bit) - Success" - ID 242
18:45:48:078 (04/03/2020) - READ  MEM Access, AP 0, Addr 0xE000EDF0, Val 0x00030003, "DAP Read Memory (32 bit) - Success" - ID 243
18:45:48:344 (04/03/2020) - READ  MEM Access, AP 0, Addr 0xE000EDF0, Val 0x00030003, "DAP Read Memory (32 bit) - Success" - ID 244
18:45:48:610 (04/03/2020) - READ  MEM Access, AP 0, Addr 0xE000EDF0, Val 0x00030003, "DAP Read Memory (32 bit) - Success" - ID 245
18:45:48:875 (04/03/2020) - READ  MEM Access, AP 0, Addr 0xE000EDF0, Val 0x00030003, "DAP Read Memory (32 bit) - Success" - ID 246
18:45:49:141 (04/03/2020) - READ  MEM Access, AP 0, Addr 0xE000EDF0, Val 0x00030003, "DAP Read Memory (32 bit) - Success" - ID 247
18:45:49:406 (04/03/2020) - READ  MEM Access, AP 0, Addr 0xE000EDF0, Val 0x00030003, "DAP Read Memory (32 bit) - Success" - ID 248
18:45:49:672 (04/03/2020) - READ  MEM Access, AP 0, Addr 0xE000EDF0, Val 0x00030003, "DAP Read Memory (32 bit) - Success" - ID 249
18:45:49:938 (04/03/2020) - READ  MEM Access, AP 0, Addr 0xE000EDF0, Val 0x00030003, "DAP Read Memory (32 bit) - Success" - ID 250
18:45:50:203 (04/03/2020) - READ  MEM Access, AP 0, Addr 0xE000EDF0, Val 0x00030003, "DAP Read Memory (32 bit) - Success" - ID 251
18:45:50:469 (04/03/2020) - READ  MEM Access, AP 0, Addr 0xE000EDF0, Val 0x00030003, "DAP Read Memory (32 bit) - Success" - ID 252
18:45:50:735 (04/03/2020) - READ  MEM Access, AP 0, Addr 0xE000EDF0, Val 0x00030003, "DAP Read Memory (32 bit) - Success" - ID 253
18:45:51:000 (04/03/2020) - READ  MEM Access, AP 0, Addr 0xE000EDF0, Val 0x00030003, "DAP Read Memory (32 bit) - Success" - ID 254
18:45:51:266 (04/03/2020) - READ  MEM Access, AP 0, Addr 0xE000EDF0, Val 0x00030003, "DAP Read Memory (32 bit) - Success" - ID 255
18:45:51:531 (04/03/2020) - READ  MEM Access, AP 0, Addr 0xE000EDF0, Val 0x00030003, "DAP Read Memory (32 bit) - Success" - ID 256
18:45:51:797 (04/03/2020) - READ  MEM Access, AP 0, Addr 0xE000EDF0, Val 0x00030003, "DAP Read Memory (32 bit) - Success" - ID 257
18:45:52:047 (04/03/2020) - READ  MEM Access, AP 0, Addr 0xE000EDF0, Val 0x00030003, "DAP Read Memory (32 bit) - Success" - ID 258
18:45:52:297 (04/03/2020) - READ  MEM Access, AP 0, Addr 0xE000EDF0, Val 0x00030003, "DAP Read Memory (32 bit) - Success" - ID 259
18:45:52:563 (04/03/2020) - READ  MEM Access, AP 0, Addr 0xE000EDF0, Val 0x00030003, "DAP Read Memory (32 bit) - Success" - ID 260
18:45:52:813 (04/03/2020) - START SEQUENCE "DebugCoreStop", "default" - ID 59
18:45:52:813 (04/03/2020) - WRITE MEM Access, AP 0, Addr 0xE000EDF0, Val 0xA05F0000, "DAP Write Memory (32 bit) - Success" - ID 261
18:45:52:813 (04/03/2020) - WRITE MEM Access, AP 0, Addr 0xE000EDFC, Val 0x00000000, "DAP Write Memory (32 bit) - Success" - ID 262
18:45:52:813 (04/03/2020) - END SEQUENCE "DebugCoreStop", "success" - ID 60
18:45:52:813 (04/03/2020) - START SEQUENCE "StopTarget", "default" - ID 61
18:45:52:813 (04/03/2020) - WRITE MEM BLOCK Access, AP 0, Start Addr 0xE0002000, End Addr 0xE000201F, "DAP Write Memory Block - Success" - ID 263
  Item #0, AP 0, Addr 0xE0002000, Value 0x00000002
  Item #1, AP 0, Addr 0xE0002004, Value 0x00000000
  Item #2, AP 0, Addr 0xE0002008, Value 0x00000000
  Item #3, AP 0, Addr 0xE000200C, Value 0x00000000
  Item #4, AP 0, Addr 0xE0002010, Value 0x00000000
  Item #5, AP 0, Addr 0xE0002014, Value 0x00000000
  Item #6, AP 0, Addr 0xE0002018, Value 0x00000000
  Item #7, AP 0, Addr 0xE000201C, Value 0x00000000
18:45:52:813 (04/03/2020) - START SEQUENCE "_UnInitTrace", "default" - ID 62
18:45:52:813 (04/03/2020) - END SEQUENCE "_UnInitTrace", "success" - ID 63
18:45:52:813 (04/03/2020) - START SEQUENCE "DebugPortStop", "default" - ID 64
18:45:52:828 (04/03/2020) - WRITE DP  Access, Addr 0x00000004, Val 0x00000000, "DAP Write DP - Success" - ID 264
18:45:52:828 (04/03/2020) - END SEQUENCE "DebugPortStop", "success" - ID 65
18:45:52:828 (04/03/2020) - START SEQUENCE "UnInitDebugger", "default" - ID 66
18:45:52:828 (04/03/2020) - END SEQUENCE "UnInitDebugger", "success" - ID 67
18:45:52:828 (04/03/2020) - START SEQUENCE "_UnInitDriver", "default" - ID 68
18:45:52:828 (04/03/2020) - END SEQUENCE "_UnInitDriver", "success" - ID 69
18:45:52:828 (04/03/2020) - END SEQUENCE "StopTarget", "success" - ID 70
